{"/Users/reesecantu/Documents/Northeastern/CS4700/MNG_Inventory_System/src/api/src/aws.ts": {"path":"/Users/reesecantu/Documents/Northeastern/CS4700/MNG_Inventory_System/src/api/src/aws.ts","statementMap":{"0":{"start":{"line":1,"column":0},"end":{"line":1,"column":90}},"1":{"start":{"line":2,"column":0},"end":{"line":2,"column":52}},"2":{"start":{"line":3,"column":0},"end":{"line":3,"column":46}},"3":{"start":{"line":4,"column":0},"end":{"line":4,"column":58}},"4":{"start":{"line":5,"column":0},"end":{"line":5,"column":63}},"5":{"start":{"line":6,"column":0},"end":{"line":6,"column":54}},"6":{"start":{"line":9,"column":19},"end":{"line":9,"column":30}},"7":{"start":{"line":12,"column":17},"end":{"line":12,"column":55}},"8":{"start":{"line":15,"column":13},"end":{"line":17,"column":3}},"9":{"start":{"line":19,"column":13},"end":{"line":21,"column":3}},"10":{"start":{"line":23,"column":13},"end":{"line":25,"column":3}},"11":{"start":{"line":27,"column":13},"end":{"line":29,"column":3}},"12":{"start":{"line":31,"column":13},"end":{"line":33,"column":3}},"13":{"start":{"line":35,"column":13},"end":{"line":37,"column":3}},"14":{"start":{"line":39,"column":13},"end":{"line":43,"column":2}}},"fnMap":{},"branchMap":{"0":{"loc":{"start":{"line":42,"column":11},"end":{"line":42,"column":47}},"type":"cond-expr","locations":[{"start":{"line":42,"column":22},"end":{"line":42,"column":35}},{"start":{"line":42,"column":38},"end":{"line":42,"column":47}}]}},"s":{"0":0,"1":0,"2":0,"3":0,"4":0,"5":0,"6":0,"7":0,"8":0,"9":0,"10":0,"11":0,"12":0,"13":0,"14":0},"f":{},"b":{"0":[0,0]}}
,"/Users/reesecantu/Documents/Northeastern/CS4700/MNG_Inventory_System/src/api/src/handler.ts": {"path":"/Users/reesecantu/Documents/Northeastern/CS4700/MNG_Inventory_System/src/api/src/handler.ts","statementMap":{"0":{"start":{"line":1,"column":0},"end":{"line":1,"column":75}},"1":{"start":{"line":7,"column":0},"end":{"line":7,"column":38}},"2":{"start":{"line":8,"column":0},"end":{"line":8,"column":53}},"3":{"start":{"line":12,"column":16},"end":{"line":15,"column":20}},"4":{"start":{"line":14,"column":16},"end":{"line":14,"column":24}},"5":{"start":{"line":16,"column":2},"end":{"line":16,"column":43}},"6":{"start":{"line":16,"column":21},"end":{"line":16,"column":43}},"7":{"start":{"line":17,"column":2},"end":{"line":17,"column":46}},"8":{"start":{"line":17,"column":26},"end":{"line":17,"column":46}},"9":{"start":{"line":18,"column":2},"end":{"line":18,"column":56}},"10":{"start":{"line":18,"column":36},"end":{"line":18,"column":56}},"11":{"start":{"line":19,"column":2},"end":{"line":19,"column":34}},"12":{"start":{"line":27,"column":22},"end":{"line":27,"column":56}},"13":{"start":{"line":28,"column":36},"end":{"line":31,"column":4}},"14":{"start":{"line":32,"column":2},"end":{"line":32,"column":67}},"15":{"start":{"line":32,"column":20},"end":{"line":32,"column":67}},"16":{"start":{"line":33,"column":2},"end":{"line":36,"column":3}},"17":{"start":{"line":34,"column":4},"end":{"line":34,"column":76}},"18":{"start":{"line":35,"column":4},"end":{"line":35,"column":86}},"19":{"start":{"line":37,"column":2},"end":{"line":37,"column":11}},"20":{"start":{"line":41,"column":18},"end":{"line":41,"column":73}},"21":{"start":{"line":42,"column":2},"end":{"line":42,"column":76}},"22":{"start":{"line":46,"column":23},"end":{"line":84,"column":1}},"23":{"start":{"line":50,"column":2},"end":{"line":52,"column":3}},"24":{"start":{"line":51,"column":4},"end":{"line":51,"column":32}},"25":{"start":{"line":54,"column":2},"end":{"line":62,"column":3}},"26":{"start":{"line":55,"column":4},"end":{"line":61,"column":5}},"27":{"start":{"line":56,"column":21},"end":{"line":56,"column":43}},"28":{"start":{"line":58,"column":6},"end":{"line":58,"column":76}},"29":{"start":{"line":64,"column":2},"end":{"line":83,"column":17}},"30":{"start":{"line":68,"column":22},"end":{"line":68,"column":77}},"31":{"start":{"line":71,"column":26},"end":{"line":71,"column":63}},"32":{"start":{"line":72,"column":25},"end":{"line":72,"column":55}},"33":{"start":{"line":73,"column":68},"end":{"line":75,"column":8}},"34":{"start":{"line":76,"column":6},"end":{"line":76,"column":79}},"35":{"start":{"line":76,"column":33},"end":{"line":76,"column":79}},"36":{"start":{"line":77,"column":6},"end":{"line":80,"column":7}},"37":{"start":{"line":78,"column":24},"end":{"line":78,"column":66}},"38":{"start":{"line":79,"column":8},"end":{"line":79,"column":55}},"39":{"start":{"line":81,"column":6},"end":{"line":81,"column":45}},"40":{"start":{"line":46,"column":13},"end":{"line":46,"column":23}}},"fnMap":{"0":{"name":"resolveAllowedOrigin","decl":{"start":{"line":11,"column":9},"end":{"line":11,"column":29}},"loc":{"start":{"line":11,"column":51},"end":{"line":20,"column":1}}},"1":{"name":"(anonymous_1)","decl":{"start":{"line":14,"column":9},"end":{"line":14,"column":10}},"loc":{"start":{"line":14,"column":16},"end":{"line":14,"column":24}}},"2":{"name":"buildCorsHeaders","decl":{"start":{"line":22,"column":9},"end":{"line":22,"column":25}},"loc":{"start":{"line":25,"column":30},"end":{"line":38,"column":1}}},"3":{"name":"handleOptions","decl":{"start":{"line":40,"column":9},"end":{"line":40,"column":22}},"loc":{"start":{"line":40,"column":52},"end":{"line":43,"column":1}}},"4":{"name":"(anonymous_4)","decl":{"start":{"line":46,"column":23},"end":{"line":46,"column":28}},"loc":{"start":{"line":49,"column":48},"end":{"line":84,"column":1}}},"5":{"name":"(anonymous_5)","decl":{"start":{"line":67,"column":4},"end":{"line":67,"column":16}},"loc":{"start":{"line":67,"column":41},"end":{"line":82,"column":5}}}},"branchMap":{"0":{"loc":{"start":{"line":12,"column":17},"end":{"line":12,"column":50}},"type":"binary-expr","locations":[{"start":{"line":12,"column":17},"end":{"line":12,"column":44}},{"start":{"line":12,"column":48},"end":{"line":12,"column":50}}]},"1":{"loc":{"start":{"line":16,"column":2},"end":{"line":16,"column":43}},"type":"if","locations":[{"start":{"line":16,"column":2},"end":{"line":16,"column":43}}]},"2":{"loc":{"start":{"line":16,"column":28},"end":{"line":16,"column":42}},"type":"binary-expr","locations":[{"start":{"line":16,"column":28},"end":{"line":16,"column":36}},{"start":{"line":16,"column":40},"end":{"line":16,"column":42}}]},"3":{"loc":{"start":{"line":17,"column":2},"end":{"line":17,"column":46}},"type":"if","locations":[{"start":{"line":17,"column":2},"end":{"line":17,"column":46}}]},"4":{"loc":{"start":{"line":18,"column":2},"end":{"line":18,"column":56}},"type":"if","locations":[{"start":{"line":18,"column":2},"end":{"line":18,"column":56}}]},"5":{"loc":{"start":{"line":19,"column":9},"end":{"line":19,"column":33}},"type":"binary-expr","locations":[{"start":{"line":19,"column":9},"end":{"line":19,"column":17}},{"start":{"line":19,"column":21},"end":{"line":19,"column":33}}]},"6":{"loc":{"start":{"line":24,"column":2},"end":{"line":24,"column":21}},"type":"default-arg","locations":[{"start":{"line":24,"column":17},"end":{"line":24,"column":21}}]},"7":{"loc":{"start":{"line":25,"column":2},"end":{"line":25,"column":30}},"type":"default-arg","locations":[{"start":{"line":25,"column":26},"end":{"line":25,"column":30}}]},"8":{"loc":{"start":{"line":32,"column":2},"end":{"line":32,"column":67}},"type":"if","locations":[{"start":{"line":32,"column":2},"end":{"line":32,"column":67}}]},"9":{"loc":{"start":{"line":33,"column":2},"end":{"line":36,"column":3}},"type":"if","locations":[{"start":{"line":33,"column":2},"end":{"line":36,"column":3}}]},"10":{"loc":{"start":{"line":41,"column":18},"end":{"line":41,"column":73}},"type":"binary-expr","locations":[{"start":{"line":41,"column":18},"end":{"line":41,"column":39}},{"start":{"line":41,"column":44},"end":{"line":41,"column":73}}]},"11":{"loc":{"start":{"line":50,"column":2},"end":{"line":52,"column":3}},"type":"if","locations":[{"start":{"line":50,"column":2},"end":{"line":52,"column":3}}]},"12":{"loc":{"start":{"line":50,"column":7},"end":{"line":50,"column":47}},"type":"binary-expr","locations":[{"start":{"line":50,"column":7},"end":{"line":50,"column":41}},{"start":{"line":50,"column":45},"end":{"line":50,"column":47}}]},"13":{"loc":{"start":{"line":54,"column":2},"end":{"line":62,"column":3}},"type":"if","locations":[{"start":{"line":54,"column":2},"end":{"line":62,"column":3}}]},"14":{"loc":{"start":{"line":54,"column":6},"end":{"line":54,"column":51}},"type":"binary-expr","locations":[{"start":{"line":54,"column":6},"end":{"line":54,"column":17}},{"start":{"line":54,"column":21},"end":{"line":54,"column":51}}]},"15":{"loc":{"start":{"line":58,"column":19},"end":{"line":58,"column":75}},"type":"cond-expr","locations":[{"start":{"line":58,"column":48},"end":{"line":58,"column":66}},{"start":{"line":58,"column":69},"end":{"line":58,"column":75}}]},"16":{"loc":{"start":{"line":68,"column":22},"end":{"line":68,"column":77}},"type":"binary-expr","locations":[{"start":{"line":68,"column":22},"end":{"line":68,"column":43}},{"start":{"line":68,"column":48},"end":{"line":68,"column":77}}]},"17":{"loc":{"start":{"line":72,"column":25},"end":{"line":72,"column":55}},"type":"binary-expr","locations":[{"start":{"line":72,"column":25},"end":{"line":72,"column":49}},{"start":{"line":72,"column":53},"end":{"line":72,"column":55}}]},"18":{"loc":{"start":{"line":76,"column":6},"end":{"line":76,"column":79}},"type":"if","locations":[{"start":{"line":76,"column":6},"end":{"line":76,"column":79}}]},"19":{"loc":{"start":{"line":77,"column":6},"end":{"line":80,"column":7}},"type":"if","locations":[{"start":{"line":77,"column":6},"end":{"line":80,"column":7}}]},"20":{"loc":{"start":{"line":78,"column":24},"end":{"line":78,"column":66}},"type":"binary-expr","locations":[{"start":{"line":78,"column":24},"end":{"line":78,"column":59}},{"start":{"line":78,"column":63},"end":{"line":78,"column":66}}]}},"s":{"0":0,"1":0,"2":0,"3":0,"4":0,"5":0,"6":0,"7":0,"8":0,"9":0,"10":0,"11":0,"12":0,"13":0,"14":0,"15":0,"16":0,"17":0,"18":0,"19":0,"20":0,"21":0,"22":0,"23":0,"24":0,"25":0,"26":0,"27":0,"28":0,"29":0,"30":0,"31":0,"32":0,"33":0,"34":0,"35":0,"36":0,"37":0,"38":0,"39":0,"40":0},"f":{"0":0,"1":0,"2":0,"3":0,"4":0,"5":0},"b":{"0":[0,0],"1":[0],"2":[0,0],"3":[0],"4":[0],"5":[0,0],"6":[0],"7":[0],"8":[0],"9":[0],"10":[0,0],"11":[0],"12":[0,0],"13":[0],"14":[0,0],"15":[0,0],"16":[0,0],"17":[0,0],"18":[0],"19":[0],"20":[0,0]}}
,"/Users/reesecantu/Documents/Northeastern/CS4700/MNG_Inventory_System/src/api/src/process.ts": {"path":"/Users/reesecantu/Documents/Northeastern/CS4700/MNG_Inventory_System/src/api/src/process.ts","statementMap":{"0":{"start":{"line":27,"column":0},"end":{"line":27,"column":16}},"1":{"start":{"line":1,"column":0},"end":{"line":1,"column":24}},"2":{"start":{"line":3,"column":18},"end":{"line":22,"column":2}},"3":{"start":{"line":28,"column":14},"end":{"line":28,"column":42}},"4":{"start":{"line":30,"column":16},"end":{"line":30,"column":39}},"5":{"start":{"line":31,"column":17},"end":{"line":31,"column":31}},"6":{"start":{"line":32,"column":18},"end":{"line":32,"column":48}},"7":{"start":{"line":34,"column":21},"end":{"line":34,"column":69}},"8":{"start":{"line":35,"column":22},"end":{"line":35,"column":73}},"9":{"start":{"line":37,"column":26},"end":{"line":40,"column":20}},"10":{"start":{"line":39,"column":16},"end":{"line":39,"column":24}},"11":{"start":{"line":42,"column":25},"end":{"line":42,"column":93}},"12":{"start":{"line":44,"column":18},"end":{"line":44,"column":72}},"13":{"start":{"line":46,"column":17},"end":{"line":63,"column":4}},"14":{"start":{"line":65,"column":2},"end":{"line":77,"column":4}},"15":{"start":{"line":79,"column":2},"end":{"line":79,"column":16}}},"fnMap":{"0":{"name":"loadConfig","decl":{"start":{"line":27,"column":16},"end":{"line":27,"column":26}},"loc":{"start":{"line":27,"column":26},"end":{"line":80,"column":1}}},"1":{"name":"(anonymous_1)","decl":{"start":{"line":39,"column":9},"end":{"line":39,"column":10}},"loc":{"start":{"line":39,"column":16},"end":{"line":39,"column":24}}}},"branchMap":{"0":{"loc":{"start":{"line":34,"column":21},"end":{"line":34,"column":69}},"type":"binary-expr","locations":[{"start":{"line":34,"column":21},"end":{"line":34,"column":39}},{"start":{"line":34,"column":43},"end":{"line":34,"column":69}}]},"1":{"loc":{"start":{"line":35,"column":22},"end":{"line":35,"column":73}},"type":"binary-expr","locations":[{"start":{"line":35,"column":22},"end":{"line":35,"column":40}},{"start":{"line":35,"column":44},"end":{"line":35,"column":73}}]},"2":{"loc":{"start":{"line":37,"column":27},"end":{"line":37,"column":52}},"type":"binary-expr","locations":[{"start":{"line":37,"column":27},"end":{"line":37,"column":46}},{"start":{"line":37,"column":50},"end":{"line":37,"column":52}}]},"3":{"loc":{"start":{"line":42,"column":25},"end":{"line":42,"column":93}},"type":"binary-expr","locations":[{"start":{"line":42,"column":25},"end":{"line":42,"column":43}},{"start":{"line":42,"column":47},"end":{"line":42,"column":93}}]},"4":{"loc":{"start":{"line":44,"column":18},"end":{"line":44,"column":72}},"type":"binary-expr","locations":[{"start":{"line":44,"column":18},"end":{"line":44,"column":29}},{"start":{"line":44,"column":33},"end":{"line":44,"column":72}}]},"5":{"loc":{"start":{"line":54,"column":26},"end":{"line":54,"column":56}},"type":"binary-expr","locations":[{"start":{"line":54,"column":26},"end":{"line":54,"column":50}},{"start":{"line":54,"column":54},"end":{"line":54,"column":56}}]},"6":{"loc":{"start":{"line":55,"column":23},"end":{"line":55,"column":50}},"type":"binary-expr","locations":[{"start":{"line":55,"column":23},"end":{"line":55,"column":44}},{"start":{"line":55,"column":48},"end":{"line":55,"column":50}}]},"7":{"loc":{"start":{"line":58,"column":20},"end":{"line":58,"column":44}},"type":"binary-expr","locations":[{"start":{"line":58,"column":20},"end":{"line":58,"column":38}},{"start":{"line":58,"column":42},"end":{"line":58,"column":44}}]},"8":{"loc":{"start":{"line":72,"column":26},"end":{"line":72,"column":63}},"type":"binary-expr","locations":[{"start":{"line":72,"column":26},"end":{"line":72,"column":53}},{"start":{"line":72,"column":57},"end":{"line":72,"column":63}}]}},"s":{"0":0,"1":0,"2":0,"3":0,"4":0,"5":0,"6":0,"7":0,"8":0,"9":0,"10":0,"11":0,"12":0,"13":0,"14":0,"15":0},"f":{"0":0,"1":0},"b":{"0":[0,0],"1":[0,0],"2":[0,0],"3":[0,0],"4":[0,0],"5":[0,0],"6":[0,0],"7":[0,0],"8":[0,0]}}
,"/Users/reesecantu/Documents/Northeastern/CS4700/MNG_Inventory_System/src/api/src/server.ts": {"path":"/Users/reesecantu/Documents/Northeastern/CS4700/MNG_Inventory_System/src/api/src/server.ts","statementMap":{"0":{"start":{"line":1,"column":0},"end":{"line":1,"column":23}},"1":{"start":{"line":2,"column":0},"end":{"line":2,"column":67}},"2":{"start":{"line":3,"column":0},"end":{"line":3,"column":24}},"3":{"start":{"line":4,"column":0},"end":{"line":4,"column":61}},"4":{"start":{"line":5,"column":0},"end":{"line":5,"column":38}},"5":{"start":{"line":6,"column":0},"end":{"line":6,"column":54}},"6":{"start":{"line":8,"column":34},"end":{"line":12,"column":2}},"7":{"start":{"line":15,"column":2},"end":{"line":15,"column":27}},"8":{"start":{"line":15,"column":15},"end":{"line":15,"column":27}},"9":{"start":{"line":16,"column":2},"end":{"line":16,"column":52}},"10":{"start":{"line":19,"column":23},"end":{"line":31,"column":2}},"11":{"start":{"line":21,"column":4},"end":{"line":24,"column":5}},"12":{"start":{"line":23,"column":6},"end":{"line":23,"column":68}},"13":{"start":{"line":25,"column":4},"end":{"line":25,"column":71}},"14":{"start":{"line":33,"column":12},"end":{"line":33,"column":21}},"15":{"start":{"line":39,"column":0},"end":{"line":39,"column":24}},"16":{"start":{"line":40,"column":0},"end":{"line":40,"column":24}},"17":{"start":{"line":45,"column":0},"end":{"line":47,"column":3}},"18":{"start":{"line":46,"column":2},"end":{"line":46,"column":29}},"19":{"start":{"line":52,"column":0},"end":{"line":66,"column":2}},"20":{"start":{"line":59,"column":6},"end":{"line":63,"column":9}},"21":{"start":{"line":71,"column":0},"end":{"line":84,"column":2}},"22":{"start":{"line":78,"column":4},"end":{"line":78,"column":43}},"23":{"start":{"line":79,"column":4},"end":{"line":82,"column":7}},"24":{"start":{"line":89,"column":13},"end":{"line":89,"column":45}},"25":{"start":{"line":91,"column":0},"end":{"line":105,"column":1}},"26":{"start":{"line":92,"column":17},"end":{"line":95,"column":4}},"27":{"start":{"line":93,"column":4},"end":{"line":93,"column":59}},"28":{"start":{"line":94,"column":4},"end":{"line":94,"column":68}},"29":{"start":{"line":97,"column":2},"end":{"line":104,"column":5}},"30":{"start":{"line":98,"column":4},"end":{"line":103,"column":5}},"31":{"start":{"line":99,"column":6},"end":{"line":99,"column":89}},"32":{"start":{"line":100,"column":6},"end":{"line":100,"column":22}},"33":{"start":{"line":102,"column":6},"end":{"line":102,"column":16}},"34":{"start":{"line":107,"column":0},"end":{"line":107,"column":19}}},"fnMap":{"0":{"name":"isAllowedOrigin","decl":{"start":{"line":14,"column":9},"end":{"line":14,"column":24}},"loc":{"start":{"line":14,"column":51},"end":{"line":17,"column":1}}},"1":{"name":"(anonymous_11)","decl":{"start":{"line":20,"column":2},"end":{"line":20,"column":8}},"loc":{"start":{"line":20,"column":25},"end":{"line":26,"column":3}}},"2":{"name":"(anonymous_12)","decl":{"start":{"line":45,"column":19},"end":{"line":45,"column":20}},"loc":{"start":{"line":45,"column":52},"end":{"line":47,"column":1}}},"3":{"name":"(anonymous_13)","decl":{"start":{"line":57,"column":4},"end":{"line":57,"column":11}},"loc":{"start":{"line":57,"column":33},"end":{"line":64,"column":5}}},"4":{"name":"(anonymous_14)","decl":{"start":{"line":72,"column":2},"end":{"line":72,"column":null}},"loc":{"start":{"line":77,"column":6},"end":{"line":83,"column":3}}},"5":{"name":"(anonymous_15)","decl":{"start":{"line":92,"column":34},"end":{"line":92,"column":37}},"loc":{"start":{"line":92,"column":39},"end":{"line":95,"column":3}}},"6":{"name":"(anonymous_16)","decl":{"start":{"line":97,"column":21},"end":{"line":97,"column":22}},"loc":{"start":{"line":97,"column":34},"end":{"line":104,"column":3}}}},"branchMap":{"0":{"loc":{"start":{"line":9,"column":2},"end":{"line":9,"column":57}},"type":"binary-expr","locations":[{"start":{"line":9,"column":2},"end":{"line":9,"column":30}},{"start":{"line":9,"column":34},"end":{"line":9,"column":57}}]},"1":{"loc":{"start":{"line":15,"column":2},"end":{"line":15,"column":27}},"type":"if","locations":[{"start":{"line":15,"column":2},"end":{"line":15,"column":27}}]},"2":{"loc":{"start":{"line":21,"column":4},"end":{"line":24,"column":5}},"type":"if","locations":[{"start":{"line":21,"column":4},"end":{"line":24,"column":5}}]},"3":{"loc":{"start":{"line":21,"column":8},"end":{"line":21,"column":42}},"type":"binary-expr","locations":[{"start":{"line":21,"column":8},"end":{"line":21,"column":15}},{"start":{"line":21,"column":19},"end":{"line":21,"column":42}}]},"4":{"loc":{"start":{"line":23,"column":28},"end":{"line":23,"column":66}},"type":"binary-expr","locations":[{"start":{"line":23,"column":28},"end":{"line":23,"column":34}},{"start":{"line":23,"column":38},"end":{"line":23,"column":66}}]},"5":{"loc":{"start":{"line":62,"column":16},"end":{"line":62,"column":59}},"type":"binary-expr","locations":[{"start":{"line":62,"column":16},"end":{"line":62,"column":44}},{"start":{"line":62,"column":48},"end":{"line":62,"column":59}}]},"6":{"loc":{"start":{"line":81,"column":21},"end":{"line":81,"column":40}},"type":"binary-expr","locations":[{"start":{"line":81,"column":21},"end":{"line":81,"column":33}},{"start":{"line":81,"column":37},"end":{"line":81,"column":40}}]},"7":{"loc":{"start":{"line":89,"column":13},"end":{"line":89,"column":45}},"type":"binary-expr","locations":[{"start":{"line":89,"column":13},"end":{"line":89,"column":37}},{"start":{"line":89,"column":41},"end":{"line":89,"column":45}}]},"8":{"loc":{"start":{"line":91,"column":0},"end":{"line":105,"column":1}},"type":"if","locations":[{"start":{"line":91,"column":0},"end":{"line":105,"column":1}}]},"9":{"loc":{"start":{"line":98,"column":4},"end":{"line":103,"column":5}},"type":"if","locations":[{"start":{"line":98,"column":4},"end":{"line":103,"column":5}},{"start":{"line":101,"column":11},"end":{"line":103,"column":5}}]}},"s":{"0":0,"1":0,"2":0,"3":0,"4":0,"5":0,"6":0,"7":0,"8":0,"9":0,"10":0,"11":0,"12":0,"13":0,"14":0,"15":0,"16":0,"17":0,"18":0,"19":0,"20":0,"21":0,"22":0,"23":0,"24":0,"25":0,"26":0,"27":0,"28":0,"29":0,"30":0,"31":0,"32":0,"33":0,"34":0},"f":{"0":0,"1":0,"2":0,"3":0,"4":0,"5":0,"6":0},"b":{"0":[0,0],"1":[0],"2":[0],"3":[0,0],"4":[0,0],"5":[0,0],"6":[0,0],"7":[0,0],"8":[0],"9":[0,0]}}
,"/Users/reesecantu/Documents/Northeastern/CS4700/MNG_Inventory_System/src/api/src/helpers/authUtils.ts": {"path":"/Users/reesecantu/Documents/Northeastern/CS4700/MNG_Inventory_System/src/api/src/helpers/authUtils.ts","statementMap":{"0":{"start":{"line":12,"column":0},"end":{"line":12,"column":16}},"1":{"start":{"line":13,"column":2},"end":{"line":13,"column":26}},"2":{"start":{"line":13,"column":14},"end":{"line":13,"column":26}},"3":{"start":{"line":14,"column":16},"end":{"line":14,"column":32}},"4":{"start":{"line":15,"column":2},"end":{"line":15,"column":38}},"5":{"start":{"line":15,"column":26},"end":{"line":15,"column":38}},"6":{"start":{"line":16,"column":2},"end":{"line":22,"column":3}},"7":{"start":{"line":17,"column":17},"end":{"line":17,"column":68}},"8":{"start":{"line":18,"column":20},"end":{"line":18,"column":36}},"9":{"start":{"line":19,"column":4},"end":{"line":19,"column":19}},"10":{"start":{"line":21,"column":4},"end":{"line":21,"column":16}}},"fnMap":{"0":{"name":"decodeJwtNoVerify","decl":{"start":{"line":12,"column":16},"end":{"line":12,"column":33}},"loc":{"start":{"line":12,"column":55},"end":{"line":23,"column":1}}}},"branchMap":{"0":{"loc":{"start":{"line":13,"column":2},"end":{"line":13,"column":26}},"type":"if","locations":[{"start":{"line":13,"column":2},"end":{"line":13,"column":26}}]},"1":{"loc":{"start":{"line":15,"column":2},"end":{"line":15,"column":38}},"type":"if","locations":[{"start":{"line":15,"column":2},"end":{"line":15,"column":38}}]}},"s":{"0":0,"1":0,"2":0,"3":0,"4":0,"5":0,"6":0,"7":0,"8":0,"9":0,"10":0},"f":{"0":0},"b":{"0":[0],"1":[0]}}
,"/Users/reesecantu/Documents/Northeastern/CS4700/MNG_Inventory_System/src/api/src/helpers/awsUsers.ts": {"path":"/Users/reesecantu/Documents/Northeastern/CS4700/MNG_Inventory_System/src/api/src/helpers/awsUsers.ts","statementMap":{"0":{"start":{"line":34,"column":0},"end":{"line":34,"column":7}},"1":{"start":{"line":1,"column":0},"end":{"line":1,"column":80}},"2":{"start":{"line":2,"column":0},"end":{"line":2,"column":39}},"3":{"start":{"line":3,"column":0},"end":{"line":3,"column":40}},"4":{"start":{"line":4,"column":0},"end":{"line":4,"column":28}},"5":{"start":{"line":6,"column":15},"end":{"line":6,"column":27}},"6":{"start":{"line":7,"column":19},"end":{"line":7,"column":36}},"7":{"start":{"line":10,"column":2},"end":{"line":10,"column":62}},"8":{"start":{"line":15,"column":17},"end":{"line":15,"column":21}},"9":{"start":{"line":16,"column":16},"end":{"line":16,"column":17}},"10":{"start":{"line":18,"column":2},"end":{"line":31,"column":3}},"11":{"start":{"line":19,"column":18},"end":{"line":26,"column":null}},"12":{"start":{"line":29,"column":4},"end":{"line":29,"column":66}},"13":{"start":{"line":29,"column":50},"end":{"line":29,"column":66}},"14":{"start":{"line":30,"column":4},"end":{"line":30,"column":37}},"15":{"start":{"line":42,"column":17},"end":{"line":49,"column":null}},"16":{"start":{"line":52,"column":15},"end":{"line":52,"column":32}},"17":{"start":{"line":57,"column":2},"end":{"line":102,"column":3}},"18":{"start":{"line":58,"column":19},"end":{"line":58,"column":32}},"19":{"start":{"line":59,"column":20},"end":{"line":59,"column":34}},"20":{"start":{"line":62,"column":4},"end":{"line":76,"column":5}},"21":{"start":{"line":63,"column":6},"end":{"line":63,"column":62}},"22":{"start":{"line":65,"column":6},"end":{"line":75,"column":8}},"23":{"start":{"line":79,"column":4},"end":{"line":93,"column":5}},"24":{"start":{"line":80,"column":6},"end":{"line":80,"column":38}},"25":{"start":{"line":82,"column":6},"end":{"line":92,"column":8}},"26":{"start":{"line":95,"column":4},"end":{"line":101,"column":6}},"27":{"start":{"line":107,"column":14},"end":{"line":107,"column":38}},"28":{"start":{"line":108,"column":19},"end":{"line":108,"column":63}},"29":{"start":{"line":109,"column":20},"end":{"line":109,"column":39}},"30":{"start":{"line":111,"column":24},"end":{"line":123,"column":4}},"31":{"start":{"line":125,"column":2},"end":{"line":130,"column":4}},"32":{"start":{"line":132,"column":2},"end":{"line":138,"column":4}}},"fnMap":{"0":{"name":"randomUsername","decl":{"start":{"line":9,"column":9},"end":{"line":9,"column":23}},"loc":{"start":{"line":9,"column":23},"end":{"line":11,"column":1}}},"1":{"name":"ensureUniqueUsername","decl":{"start":{"line":14,"column":15},"end":{"line":14,"column":35}},"loc":{"start":{"line":14,"column":48},"end":{"line":32,"column":1}}},"2":{"name":"ensureUserRecord","decl":{"start":{"line":34,"column":22},"end":{"line":34,"column":38}},"loc":{"start":{"line":34,"column":63},"end":{"line":139,"column":1}}}},"branchMap":{"0":{"loc":{"start":{"line":29,"column":4},"end":{"line":29,"column":66}},"type":"if","locations":[{"start":{"line":29,"column":4},"end":{"line":29,"column":66}}]},"1":{"loc":{"start":{"line":29,"column":8},"end":{"line":29,"column":48}},"type":"binary-expr","locations":[{"start":{"line":29,"column":8},"end":{"line":29,"column":20}},{"start":{"line":29,"column":24},"end":{"line":29,"column":48}}]},"2":{"loc":{"start":{"line":57,"column":2},"end":{"line":102,"column":3}},"type":"if","locations":[{"start":{"line":57,"column":2},"end":{"line":102,"column":3}}]},"3":{"loc":{"start":{"line":62,"column":4},"end":{"line":76,"column":5}},"type":"if","locations":[{"start":{"line":62,"column":4},"end":{"line":76,"column":5}}]},"4":{"loc":{"start":{"line":62,"column":8},"end":{"line":62,"column":43}},"type":"binary-expr","locations":[{"start":{"line":62,"column":8},"end":{"line":62,"column":17}},{"start":{"line":62,"column":21},"end":{"line":62,"column":43}}]},"5":{"loc":{"start":{"line":79,"column":4},"end":{"line":93,"column":5}},"type":"if","locations":[{"start":{"line":79,"column":4},"end":{"line":93,"column":5}}]},"6":{"loc":{"start":{"line":99,"column":12},"end":{"line":99,"column":31}},"type":"binary-expr","locations":[{"start":{"line":99,"column":12},"end":{"line":99,"column":21}},{"start":{"line":99,"column":25},"end":{"line":99,"column":31}}]}},"s":{"0":0,"1":0,"2":0,"3":0,"4":0,"5":0,"6":0,"7":0,"8":0,"9":0,"10":0,"11":0,"12":0,"13":0,"14":0,"15":0,"16":0,"17":0,"18":0,"19":0,"20":0,"21":0,"22":0,"23":0,"24":0,"25":0,"26":0,"27":0,"28":0,"29":0,"30":0,"31":0,"32":0},"f":{"0":0,"1":0,"2":0},"b":{"0":[0],"1":[0,0],"2":[0],"3":[0],"4":[0,0],"5":[0],"6":[0,0]}}
,"/Users/reesecantu/Documents/Northeastern/CS4700/MNG_Inventory_System/src/api/src/helpers/cookies.ts": {"path":"/Users/reesecantu/Documents/Northeastern/CS4700/MNG_Inventory_System/src/api/src/helpers/cookies.ts","statementMap":{"0":{"start":{"line":111,"column":0},"end":{"line":111,"column":16}},"1":{"start":{"line":128,"column":0},"end":{"line":128,"column":16}},"2":{"start":{"line":142,"column":0},"end":{"line":142,"column":16}},"3":{"start":{"line":159,"column":0},"end":{"line":159,"column":16}},"4":{"start":{"line":173,"column":0},"end":{"line":173,"column":16}},"5":{"start":{"line":179,"column":0},"end":{"line":179,"column":16}},"6":{"start":{"line":11,"column":0},"end":{"line":11,"column":33}},"7":{"start":{"line":17,"column":13},"end":{"line":17,"column":43}},"8":{"start":{"line":18,"column":13},"end":{"line":18,"column":35}},"9":{"start":{"line":19,"column":13},"end":{"line":19,"column":45}},"10":{"start":{"line":20,"column":26},"end":{"line":20,"column":30}},"11":{"start":{"line":21,"column":26},"end":{"line":21,"column":38}},"12":{"start":{"line":24,"column":16},"end":{"line":24,"column":53}},"13":{"start":{"line":25,"column":26},"end":{"line":25,"column":50}},"14":{"start":{"line":26,"column":23},"end":{"line":26,"column":30}},"15":{"start":{"line":52,"column":2},"end":{"line":58,"column":4}},"16":{"start":{"line":62,"column":2},"end":{"line":62,"column":63}},"17":{"start":{"line":68,"column":2},"end":{"line":71,"column":5}},"18":{"start":{"line":75,"column":28},"end":{"line":75,"column":30}},"19":{"start":{"line":76,"column":20},"end":{"line":76,"column":57}},"20":{"start":{"line":77,"column":16},"end":{"line":77,"column":53}},"21":{"start":{"line":78,"column":21},"end":{"line":78,"column":38}},"22":{"start":{"line":80,"column":2},"end":{"line":82,"column":3}},"23":{"start":{"line":81,"column":4},"end":{"line":81,"column":80}},"24":{"start":{"line":83,"column":2},"end":{"line":85,"column":3}},"25":{"start":{"line":84,"column":4},"end":{"line":84,"column":68}},"26":{"start":{"line":86,"column":2},"end":{"line":88,"column":3}},"27":{"start":{"line":87,"column":4},"end":{"line":87,"column":83}},"28":{"start":{"line":90,"column":2},"end":{"line":90,"column":17}},"29":{"start":{"line":95,"column":2},"end":{"line":95,"column":100}},"30":{"start":{"line":112,"column":18},"end":{"line":112,"column":45}},"31":{"start":{"line":113,"column":2},"end":{"line":118,"column":3}},"32":{"start":{"line":115,"column":21},"end":{"line":115,"column":48}},"33":{"start":{"line":116,"column":16},"end":{"line":116,"column":87}},"34":{"start":{"line":117,"column":4},"end":{"line":117,"column":54}},"35":{"start":{"line":119,"column":2},"end":{"line":119,"column":17}},"36":{"start":{"line":129,"column":18},"end":{"line":129,"column":41}},"37":{"start":{"line":130,"column":2},"end":{"line":134,"column":3}},"38":{"start":{"line":131,"column":21},"end":{"line":131,"column":48}},"39":{"start":{"line":132,"column":16},"end":{"line":132,"column":87}},"40":{"start":{"line":133,"column":4},"end":{"line":133,"column":54}},"41":{"start":{"line":135,"column":2},"end":{"line":135,"column":17}},"42":{"start":{"line":143,"column":2},"end":{"line":143,"column":25}},"43":{"start":{"line":143,"column":15},"end":{"line":143,"column":25}},"44":{"start":{"line":144,"column":2},"end":{"line":156,"column":3}},"45":{"start":{"line":145,"column":19},"end":{"line":145,"column":39}},"46":{"start":{"line":147,"column":43},"end":{"line":147,"column":45}},"47":{"start":{"line":148,"column":4},"end":{"line":152,"column":5}},"48":{"start":{"line":149,"column":6},"end":{"line":151,"column":7}},"49":{"start":{"line":150,"column":8},"end":{"line":150,"column":28}},"50":{"start":{"line":153,"column":4},"end":{"line":153,"column":18}},"51":{"start":{"line":155,"column":4},"end":{"line":155,"column":14}},"52":{"start":{"line":160,"column":26},"end":{"line":160,"column":28}},"53":{"start":{"line":161,"column":20},"end":{"line":161,"column":81}},"54":{"start":{"line":162,"column":2},"end":{"line":162,"column":49}},"55":{"start":{"line":162,"column":24},"end":{"line":162,"column":49}},"56":{"start":{"line":164,"column":22},"end":{"line":164,"column":71}},"57":{"start":{"line":165,"column":23},"end":{"line":165,"column":89}},"58":{"start":{"line":166,"column":20},"end":{"line":166,"column":95}},"59":{"start":{"line":167,"column":17},"end":{"line":167,"column":56}},"60":{"start":{"line":168,"column":2},"end":{"line":168,"column":33}},"61":{"start":{"line":168,"column":14},"end":{"line":168,"column":33}},"62":{"start":{"line":170,"column":2},"end":{"line":170,"column":46}},"63":{"start":{"line":174,"column":17},"end":{"line":174,"column":41}},"64":{"start":{"line":175,"column":2},"end":{"line":175,"column":49}},"65":{"start":{"line":180,"column":2},"end":{"line":180,"column":47}},"66":{"start":{"line":180,"column":40},"end":{"line":180,"column":47}},"67":{"start":{"line":181,"column":2},"end":{"line":181,"column":41}}},"fnMap":{"0":{"name":"baseCookieOpts","decl":{"start":{"line":51,"column":9},"end":{"line":51,"column":23}},"loc":{"start":{"line":51,"column":39},"end":{"line":59,"column":1}}},"1":{"name":"serializeCookie","decl":{"start":{"line":61,"column":9},"end":{"line":61,"column":24}},"loc":{"start":{"line":61,"column":69},"end":{"line":63,"column":1}}},"2":{"name":"serializeClear","decl":{"start":{"line":66,"column":9},"end":{"line":66,"column":23}},"loc":{"start":{"line":66,"column":36},"end":{"line":72,"column":1}}},"3":{"name":"buildAuthSetCookies","decl":{"start":{"line":74,"column":9},"end":{"line":74,"column":28}},"loc":{"start":{"line":74,"column":47},"end":{"line":91,"column":1}}},"4":{"name":"buildAuthClearCookies","decl":{"start":{"line":94,"column":9},"end":{"line":94,"column":30}},"loc":{"start":{"line":94,"column":30},"end":{"line":96,"column":1}}},"5":{"name":"setAuthCookies","decl":{"start":{"line":111,"column":16},"end":{"line":111,"column":30}},"loc":{"start":{"line":111,"column":76},"end":{"line":120,"column":1}}},"6":{"name":"clearAuthCookies","decl":{"start":{"line":128,"column":16},"end":{"line":128,"column":32}},"loc":{"start":{"line":128,"column":47},"end":{"line":136,"column":1}}},"7":{"name":"parseCookieHeader","decl":{"start":{"line":142,"column":16},"end":{"line":142,"column":33}},"loc":{"start":{"line":142,"column":67},"end":{"line":157,"column":1}}},"8":{"name":"cookieHeaderFromCtx","decl":{"start":{"line":159,"column":16},"end":{"line":159,"column":35}},"loc":{"start":{"line":159,"column":49},"end":{"line":171,"column":1}}},"9":{"name":"parseCookiesFromCtx","decl":{"start":{"line":173,"column":16},"end":{"line":173,"column":35}},"loc":{"start":{"line":173,"column":49},"end":{"line":176,"column":1}}},"10":{"name":"emitCookiesToLambda","decl":{"start":{"line":179,"column":16},"end":{"line":179,"column":35}},"loc":{"start":{"line":179,"column":91},"end":{"line":182,"column":1}}}},"branchMap":{"0":{"loc":{"start":{"line":25,"column":26},"end":{"line":25,"column":50}},"type":"cond-expr","locations":[{"start":{"line":25,"column":36},"end":{"line":25,"column":42}},{"start":{"line":25,"column":45},"end":{"line":25,"column":50}}]},"1":{"loc":{"start":{"line":57,"column":8},"end":{"line":57,"column":52}},"type":"cond-expr","locations":[{"start":{"line":57,"column":37},"end":{"line":57,"column":47}},{"start":{"line":57,"column":50},"end":{"line":57,"column":52}}]},"2":{"loc":{"start":{"line":76,"column":20},"end":{"line":76,"column":57}},"type":"binary-expr","locations":[{"start":{"line":76,"column":20},"end":{"line":76,"column":36}},{"start":{"line":76,"column":40},"end":{"line":76,"column":57}}]},"3":{"loc":{"start":{"line":77,"column":16},"end":{"line":77,"column":53}},"type":"binary-expr","locations":[{"start":{"line":77,"column":16},"end":{"line":77,"column":32}},{"start":{"line":77,"column":36},"end":{"line":77,"column":53}}]},"4":{"loc":{"start":{"line":80,"column":2},"end":{"line":82,"column":3}},"type":"if","locations":[{"start":{"line":80,"column":2},"end":{"line":82,"column":3}}]},"5":{"loc":{"start":{"line":83,"column":2},"end":{"line":85,"column":3}},"type":"if","locations":[{"start":{"line":83,"column":2},"end":{"line":85,"column":3}}]},"6":{"loc":{"start":{"line":86,"column":2},"end":{"line":88,"column":3}},"type":"if","locations":[{"start":{"line":86,"column":2},"end":{"line":88,"column":3}}]},"7":{"loc":{"start":{"line":113,"column":2},"end":{"line":118,"column":3}},"type":"if","locations":[{"start":{"line":113,"column":2},"end":{"line":118,"column":3}}]},"8":{"loc":{"start":{"line":113,"column":6},"end":{"line":113,"column":27}},"type":"binary-expr","locations":[{"start":{"line":113,"column":6},"end":{"line":113,"column":9}},{"start":{"line":113,"column":13},"end":{"line":113,"column":27}}]},"9":{"loc":{"start":{"line":116,"column":16},"end":{"line":116,"column":87}},"type":"cond-expr","locations":[{"start":{"line":116,"column":42},"end":{"line":116,"column":50}},{"start":{"line":116,"column":53},"end":{"line":116,"column":87}}]},"10":{"loc":{"start":{"line":116,"column":53},"end":{"line":116,"column":87}},"type":"cond-expr","locations":[{"start":{"line":116,"column":64},"end":{"line":116,"column":82}},{"start":{"line":116,"column":85},"end":{"line":116,"column":87}}]},"11":{"loc":{"start":{"line":130,"column":2},"end":{"line":134,"column":3}},"type":"if","locations":[{"start":{"line":130,"column":2},"end":{"line":134,"column":3}}]},"12":{"loc":{"start":{"line":132,"column":16},"end":{"line":132,"column":87}},"type":"cond-expr","locations":[{"start":{"line":132,"column":42},"end":{"line":132,"column":50}},{"start":{"line":132,"column":53},"end":{"line":132,"column":87}}]},"13":{"loc":{"start":{"line":132,"column":53},"end":{"line":132,"column":87}},"type":"cond-expr","locations":[{"start":{"line":132,"column":64},"end":{"line":132,"column":82}},{"start":{"line":132,"column":85},"end":{"line":132,"column":87}}]},"14":{"loc":{"start":{"line":143,"column":2},"end":{"line":143,"column":25}},"type":"if","locations":[{"start":{"line":143,"column":2},"end":{"line":143,"column":25}}]},"15":{"loc":{"start":{"line":149,"column":6},"end":{"line":151,"column":7}},"type":"if","locations":[{"start":{"line":149,"column":6},"end":{"line":151,"column":7}}]},"16":{"loc":{"start":{"line":161,"column":20},"end":{"line":161,"column":81}},"type":"cond-expr","locations":[{"start":{"line":161,"column":57},"end":{"line":161,"column":76}},{"start":{"line":161,"column":79},"end":{"line":161,"column":81}}]},"17":{"loc":{"start":{"line":162,"column":2},"end":{"line":162,"column":49}},"type":"if","locations":[{"start":{"line":162,"column":2},"end":{"line":162,"column":49}}]},"18":{"loc":{"start":{"line":166,"column":20},"end":{"line":166,"column":95}},"type":"binary-expr","locations":[{"start":{"line":166,"column":20},"end":{"line":166,"column":28}},{"start":{"line":166,"column":33},"end":{"line":166,"column":95}}]},"19":{"loc":{"start":{"line":167,"column":17},"end":{"line":167,"column":56}},"type":"binary-expr","locations":[{"start":{"line":167,"column":17},"end":{"line":167,"column":28}},{"start":{"line":167,"column":32},"end":{"line":167,"column":43}},{"start":{"line":167,"column":47},"end":{"line":167,"column":56}}]},"20":{"loc":{"start":{"line":168,"column":2},"end":{"line":168,"column":33}},"type":"if","locations":[{"start":{"line":168,"column":2},"end":{"line":168,"column":33}}]},"21":{"loc":{"start":{"line":170,"column":9},"end":{"line":170,"column":45}},"type":"cond-expr","locations":[{"start":{"line":170,"column":24},"end":{"line":170,"column":40}},{"start":{"line":170,"column":43},"end":{"line":170,"column":45}}]},"22":{"loc":{"start":{"line":175,"column":9},"end":{"line":175,"column":48}},"type":"cond-expr","locations":[{"start":{"line":175,"column":18},"end":{"line":175,"column":43}},{"start":{"line":175,"column":46},"end":{"line":175,"column":48}}]},"23":{"loc":{"start":{"line":180,"column":2},"end":{"line":180,"column":47}},"type":"if","locations":[{"start":{"line":180,"column":2},"end":{"line":180,"column":47}}]},"24":{"loc":{"start":{"line":180,"column":6},"end":{"line":180,"column":38}},"type":"binary-expr","locations":[{"start":{"line":180,"column":6},"end":{"line":180,"column":14}},{"start":{"line":180,"column":18},"end":{"line":180,"column":38}}]}},"s":{"0":0,"1":0,"2":0,"3":0,"4":0,"5":0,"6":0,"7":0,"8":0,"9":0,"10":0,"11":0,"12":0,"13":0,"14":0,"15":0,"16":0,"17":0,"18":0,"19":0,"20":0,"21":0,"22":0,"23":0,"24":0,"25":0,"26":0,"27":0,"28":0,"29":0,"30":0,"31":0,"32":0,"33":0,"34":0,"35":0,"36":0,"37":0,"38":0,"39":0,"40":0,"41":0,"42":0,"43":0,"44":0,"45":0,"46":0,"47":0,"48":0,"49":0,"50":0,"51":0,"52":0,"53":0,"54":0,"55":0,"56":0,"57":0,"58":0,"59":0,"60":0,"61":0,"62":0,"63":0,"64":0,"65":0,"66":0,"67":0},"f":{"0":0,"1":0,"2":0,"3":0,"4":0,"5":0,"6":0,"7":0,"8":0,"9":0,"10":0},"b":{"0":[0,0],"1":[0,0],"2":[0,0],"3":[0,0],"4":[0],"5":[0],"6":[0],"7":[0],"8":[0,0],"9":[0,0],"10":[0,0],"11":[0],"12":[0,0],"13":[0,0],"14":[0],"15":[0],"16":[0,0],"17":[0],"18":[0,0],"19":[0,0,0],"20":[0],"21":[0,0],"22":[0,0],"23":[0],"24":[0,0]}}
,"/Users/reesecantu/Documents/Northeastern/CS4700/MNG_Inventory_System/src/api/src/helpers/inviteEmail.ts": {"path":"/Users/reesecantu/Documents/Northeastern/CS4700/MNG_Inventory_System/src/api/src/helpers/inviteEmail.ts","statementMap":{"0":{"start":{"line":1,"column":0},"end":{"line":1,"column":80}},"1":{"start":{"line":2,"column":0},"end":{"line":2,"column":35}},"2":{"start":{"line":3,"column":0},"end":{"line":3,"column":40}},"3":{"start":{"line":5,"column":31},"end":{"line":95,"column":1}},"4":{"start":{"line":10,"column":42},"end":{"line":10,"column":48}},"5":{"start":{"line":11,"column":17},"end":{"line":11,"column":29}},"6":{"start":{"line":12,"column":21},"end":{"line":12,"column":35}},"7":{"start":{"line":14,"column":15},"end":{"line":14,"column":77}},"8":{"start":{"line":15,"column":21},"end":{"line":15,"column":47}},"9":{"start":{"line":17,"column":18},"end":{"line":17,"column":62}},"10":{"start":{"line":19,"column":15},"end":{"line":33,"column":23}},"11":{"start":{"line":35,"column":15},"end":{"line":79,"column":8}},"12":{"start":{"line":81,"column":39},"end":{"line":91,"column":4}},"13":{"start":{"line":93,"column":14},"end":{"line":93,"column":63}},"14":{"start":{"line":94,"column":2},"end":{"line":94,"column":57}},"15":{"start":{"line":5,"column":13},"end":{"line":5,"column":31}}},"fnMap":{"0":{"name":"(anonymous_0)","decl":{"start":{"line":5,"column":31},"end":{"line":5,"column":36}},"loc":{"start":{"line":9,"column":5},"end":{"line":95,"column":1}}}},"branchMap":{"0":{"loc":{"start":{"line":14,"column":15},"end":{"line":14,"column":77}},"type":"binary-expr","locations":[{"start":{"line":14,"column":15},"end":{"line":14,"column":43}},{"start":{"line":14,"column":47},"end":{"line":14,"column":77}}]},"1":{"loc":{"start":{"line":90,"column":8},"end":{"line":90,"column":62}},"type":"cond-expr","locations":[{"start":{"line":90,"column":21},"end":{"line":90,"column":57}},{"start":{"line":90,"column":60},"end":{"line":90,"column":62}}]}},"s":{"0":0,"1":0,"2":0,"3":0,"4":0,"5":0,"6":0,"7":0,"8":0,"9":0,"10":0,"11":0,"12":0,"13":0,"14":0,"15":0},"f":{"0":0},"b":{"0":[0,0],"1":[0,0]}}
,"/Users/reesecantu/Documents/Northeastern/CS4700/MNG_Inventory_System/src/api/src/helpers/teamspaceHelpers.ts": {"path":"/Users/reesecantu/Documents/Northeastern/CS4700/MNG_Inventory_System/src/api/src/helpers/teamspaceHelpers.ts","statementMap":{"0":{"start":{"line":1,"column":0},"end":{"line":1,"column":51}},"1":{"start":{"line":2,"column":0},"end":{"line":2,"column":28}},"2":{"start":{"line":3,"column":0},"end":{"line":3,"column":29}},"3":{"start":{"line":6,"column":19},"end":{"line":6,"column":59}},"4":{"start":{"line":12,"column":18},"end":{"line":17,"column":1}},"5":{"start":{"line":13,"column":2},"end":{"line":16,"column":78}},"6":{"start":{"line":16,"column":30},"end":{"line":16,"column":76}},"7":{"start":{"line":12,"column":13},"end":{"line":12,"column":18}},"8":{"start":{"line":24,"column":28},"end":{"line":32,"column":1}},"9":{"start":{"line":25,"column":14},"end":{"line":29,"column":null}},"10":{"start":{"line":31,"column":2},"end":{"line":31,"column":42}},"11":{"start":{"line":24,"column":13},"end":{"line":24,"column":28}},"12":{"start":{"line":39,"column":38},"end":{"line":50,"column":1}},"13":{"start":{"line":43,"column":14},"end":{"line":47,"column":null}},"14":{"start":{"line":49,"column":2},"end":{"line":49,"column":56}},"15":{"start":{"line":39,"column":13},"end":{"line":39,"column":38}},"16":{"start":{"line":57,"column":34},"end":{"line":65,"column":1}},"17":{"start":{"line":58,"column":14},"end":{"line":62,"column":null}},"18":{"start":{"line":64,"column":2},"end":{"line":64,"column":46}},"19":{"start":{"line":57,"column":13},"end":{"line":57,"column":34}},"20":{"start":{"line":71,"column":31},"end":{"line":95,"column":1}},"21":{"start":{"line":77,"column":17},"end":{"line":77,"column":61}},"22":{"start":{"line":79,"column":2},"end":{"line":81,"column":3}},"23":{"start":{"line":80,"column":4},"end":{"line":80,"column":80}},"24":{"start":{"line":84,"column":22},"end":{"line":84,"column":54}},"25":{"start":{"line":87,"column":2},"end":{"line":92,"column":3}},"26":{"start":{"line":88,"column":4},"end":{"line":91,"column":6}},"27":{"start":{"line":94,"column":2},"end":{"line":94,"column":27}},"28":{"start":{"line":71,"column":13},"end":{"line":71,"column":31}},"29":{"start":{"line":101,"column":34},"end":{"line":119,"column":1}},"30":{"start":{"line":104,"column":14},"end":{"line":108,"column":null}},"31":{"start":{"line":111,"column":15},"end":{"line":111,"column":30}},"32":{"start":{"line":112,"column":39},"end":{"line":112,"column":49}},"33":{"start":{"line":113,"column":2},"end":{"line":113,"column":65}},"34":{"start":{"line":113,"column":17},"end":{"line":113,"column":65}},"35":{"start":{"line":116,"column":17},"end":{"line":116,"column":39}},"36":{"start":{"line":117,"column":22},"end":{"line":117,"column":54}},"37":{"start":{"line":118,"column":2},"end":{"line":118,"column":54}},"38":{"start":{"line":101,"column":13},"end":{"line":101,"column":34}}},"fnMap":{"0":{"name":"(anonymous_1)","decl":{"start":{"line":12,"column":18},"end":{"line":12,"column":19}},"loc":{"start":{"line":12,"column":37},"end":{"line":17,"column":1}}},"1":{"name":"(anonymous_2)","decl":{"start":{"line":16,"column":23},"end":{"line":16,"column":24}},"loc":{"start":{"line":16,"column":30},"end":{"line":16,"column":76}}},"2":{"name":"(anonymous_3)","decl":{"start":{"line":24,"column":28},"end":{"line":24,"column":33}},"loc":{"start":{"line":24,"column":81},"end":{"line":32,"column":1}}},"3":{"name":"(anonymous_4)","decl":{"start":{"line":39,"column":38},"end":{"line":39,"column":43}},"loc":{"start":{"line":42,"column":28},"end":{"line":50,"column":1}}},"4":{"name":"(anonymous_5)","decl":{"start":{"line":57,"column":34},"end":{"line":57,"column":39}},"loc":{"start":{"line":57,"column":78},"end":{"line":65,"column":1}}},"5":{"name":"(anonymous_6)","decl":{"start":{"line":71,"column":31},"end":{"line":71,"column":36}},"loc":{"start":{"line":75,"column":52},"end":{"line":95,"column":1}}},"6":{"name":"(anonymous_7)","decl":{"start":{"line":101,"column":34},"end":{"line":101,"column":39}},"loc":{"start":{"line":103,"column":59},"end":{"line":119,"column":1}}}},"branchMap":{"0":{"loc":{"start":{"line":6,"column":19},"end":{"line":6,"column":59}},"type":"binary-expr","locations":[{"start":{"line":6,"column":19},"end":{"line":6,"column":41}},{"start":{"line":6,"column":45},"end":{"line":6,"column":59}}]},"1":{"loc":{"start":{"line":12,"column":19},"end":{"line":12,"column":25}},"type":"default-arg","locations":[{"start":{"line":12,"column":23},"end":{"line":12,"column":25}}]},"2":{"loc":{"start":{"line":31,"column":10},"end":{"line":31,"column":41}},"type":"binary-expr","locations":[{"start":{"line":31,"column":10},"end":{"line":31,"column":33}},{"start":{"line":31,"column":37},"end":{"line":31,"column":41}}]},"3":{"loc":{"start":{"line":49,"column":10},"end":{"line":49,"column":55}},"type":"binary-expr","locations":[{"start":{"line":49,"column":10},"end":{"line":49,"column":47}},{"start":{"line":49,"column":51},"end":{"line":49,"column":55}}]},"4":{"loc":{"start":{"line":64,"column":10},"end":{"line":64,"column":45}},"type":"binary-expr","locations":[{"start":{"line":64,"column":10},"end":{"line":64,"column":39}},{"start":{"line":64,"column":43},"end":{"line":64,"column":45}}]},"5":{"loc":{"start":{"line":79,"column":2},"end":{"line":81,"column":3}},"type":"if","locations":[{"start":{"line":79,"column":2},"end":{"line":81,"column":3}}]},"6":{"loc":{"start":{"line":87,"column":2},"end":{"line":92,"column":3}},"type":"if","locations":[{"start":{"line":87,"column":2},"end":{"line":92,"column":3}}]},"7":{"loc":{"start":{"line":113,"column":2},"end":{"line":113,"column":65}},"type":"if","locations":[{"start":{"line":113,"column":2},"end":{"line":113,"column":65}}]},"8":{"loc":{"start":{"line":118,"column":34},"end":{"line":118,"column":51}},"type":"binary-expr","locations":[{"start":{"line":118,"column":34},"end":{"line":118,"column":45}},{"start":{"line":118,"column":49},"end":{"line":118,"column":51}}]}},"s":{"0":1,"1":1,"2":1,"3":1,"4":1,"5":4,"6":10,"7":1,"8":1,"9":2,"10":2,"11":1,"12":1,"13":5,"14":5,"15":1,"16":1,"17":7,"18":7,"19":1,"20":1,"21":3,"22":3,"23":1,"24":2,"25":2,"26":1,"27":1,"28":1,"29":1,"30":4,"31":4,"32":4,"33":4,"34":2,"35":2,"36":2,"37":2,"38":1},"f":{"0":4,"1":10,"2":2,"3":5,"4":7,"5":3,"6":4},"b":{"0":[1,1],"1":[3],"2":[2,1],"3":[5,2],"4":[7,2],"5":[1],"6":[1],"7":[2],"8":[2,0]}}
,"/Users/reesecantu/Documents/Northeastern/CS4700/MNG_Inventory_System/src/api/src/routers/auth.ts": {"path":"/Users/reesecantu/Documents/Northeastern/CS4700/MNG_Inventory_System/src/api/src/routers/auth.ts","statementMap":{"0":{"start":{"line":1,"column":0},"end":{"line":1,"column":24}},"1":{"start":{"line":2,"column":0},"end":{"line":2,"column":41}},"2":{"start":{"line":3,"column":0},"end":{"line":3,"column":92}},"3":{"start":{"line":4,"column":0},"end":{"line":4,"column":null}},"4":{"start":{"line":15,"column":0},"end":{"line":15,"column":28}},"5":{"start":{"line":16,"column":0},"end":{"line":16,"column":39}},"6":{"start":{"line":17,"column":0},"end":{"line":17,"column":57}},"7":{"start":{"line":18,"column":0},"end":{"line":18,"column":52}},"8":{"start":{"line":19,"column":0},"end":{"line":19,"column":null}},"9":{"start":{"line":26,"column":0},"end":{"line":26,"column":57}},"10":{"start":{"line":27,"column":0},"end":{"line":27,"column":55}},"11":{"start":{"line":28,"column":0},"end":{"line":28,"column":40}},"12":{"start":{"line":30,"column":15},"end":{"line":30,"column":27}},"13":{"start":{"line":31,"column":13},"end":{"line":31,"column":56}},"14":{"start":{"line":32,"column":13},"end":{"line":32,"column":60}},"15":{"start":{"line":33,"column":13},"end":{"line":33,"column":48}},"16":{"start":{"line":34,"column":13},"end":{"line":34,"column":82}},"17":{"start":{"line":36,"column":17},"end":{"line":40,"column":2}},"18":{"start":{"line":42,"column":29},"end":{"line":46,"column":1}},"19":{"start":{"line":43,"column":15},"end":{"line":43,"column":55}},"20":{"start":{"line":44,"column":17},"end":{"line":44,"column":23}},"21":{"start":{"line":45,"column":2},"end":{"line":45,"column":38}},"22":{"start":{"line":48,"column":19},"end":{"line":90,"column":1}},"23":{"start":{"line":49,"column":20},"end":{"line":49,"column":26}},"24":{"start":{"line":50,"column":23},"end":{"line":50,"column":45}},"25":{"start":{"line":52,"column":2},"end":{"line":84,"column":3}},"26":{"start":{"line":53,"column":4},"end":{"line":55,"column":6}},"27":{"start":{"line":57,"column":4},"end":{"line":64,"column":6}},"28":{"start":{"line":65,"column":4},"end":{"line":65,"column":54}},"29":{"start":{"line":67,"column":4},"end":{"line":83,"column":5}},"30":{"start":{"line":68,"column":6},"end":{"line":79,"column":8}},"31":{"start":{"line":80,"column":6},"end":{"line":80,"column":48}},"32":{"start":{"line":82,"column":6},"end":{"line":82,"column":16}},"33":{"start":{"line":87,"column":2},"end":{"line":87,"column":80}},"34":{"start":{"line":89,"column":2},"end":{"line":89,"column":34}},"35":{"start":{"line":92,"column":15},"end":{"line":100,"column":1}},"36":{"start":{"line":93,"column":18},"end":{"line":98,"column":4}},"37":{"start":{"line":99,"column":2},"end":{"line":99,"column":43}},"38":{"start":{"line":102,"column":13},"end":{"line":534,"column":3}},"39":{"start":{"line":110,"column":6},"end":{"line":142,"column":7}},"40":{"start":{"line":111,"column":8},"end":{"line":111,"column":61}},"41":{"start":{"line":113,"column":23},"end":{"line":115,"column":10}},"42":{"start":{"line":117,"column":8},"end":{"line":121,"column":10}},"43":{"start":{"line":123,"column":8},"end":{"line":123,"column":53}},"44":{"start":{"line":125,"column":8},"end":{"line":130,"column":9}},"45":{"start":{"line":126,"column":10},"end":{"line":129,"column":13}},"46":{"start":{"line":131,"column":8},"end":{"line":136,"column":9}},"47":{"start":{"line":132,"column":10},"end":{"line":135,"column":13}},"48":{"start":{"line":138,"column":8},"end":{"line":141,"column":11}},"49":{"start":{"line":153,"column":6},"end":{"line":251,"column":7}},"50":{"start":{"line":154,"column":8},"end":{"line":154,"column":59}},"51":{"start":{"line":156,"column":23},"end":{"line":159,"column":10}},"52":{"start":{"line":162,"column":8},"end":{"line":190,"column":9}},"53":{"start":{"line":163,"column":10},"end":{"line":171,"column":11}},"54":{"start":{"line":164,"column":12},"end":{"line":170,"column":14}},"55":{"start":{"line":173,"column":10},"end":{"line":181,"column":11}},"56":{"start":{"line":174,"column":12},"end":{"line":180,"column":14}},"57":{"start":{"line":183,"column":10},"end":{"line":189,"column":12}},"58":{"start":{"line":193,"column":8},"end":{"line":213,"column":9}},"59":{"start":{"line":195,"column":26},"end":{"line":200,"column":12}},"60":{"start":{"line":202,"column":10},"end":{"line":202,"column":44}},"61":{"start":{"line":204,"column":10},"end":{"line":212,"column":12}},"62":{"start":{"line":215,"column":8},"end":{"line":218,"column":11}},"63":{"start":{"line":220,"column":8},"end":{"line":220,"column":55}},"64":{"start":{"line":222,"column":8},"end":{"line":227,"column":9}},"65":{"start":{"line":223,"column":10},"end":{"line":226,"column":13}},"66":{"start":{"line":228,"column":8},"end":{"line":233,"column":9}},"67":{"start":{"line":229,"column":10},"end":{"line":232,"column":13}},"68":{"start":{"line":234,"column":8},"end":{"line":239,"column":9}},"69":{"start":{"line":235,"column":10},"end":{"line":238,"column":13}},"70":{"start":{"line":240,"column":8},"end":{"line":245,"column":9}},"71":{"start":{"line":241,"column":10},"end":{"line":244,"column":13}},"72":{"start":{"line":247,"column":8},"end":{"line":250,"column":11}},"73":{"start":{"line":266,"column":34},"end":{"line":266,"column":89}},"74":{"start":{"line":267,"column":12},"end":{"line":269,"column":13}},"75":{"start":{"line":268,"column":14},"end":{"line":268,"column":40}},"76":{"start":{"line":270,"column":12},"end":{"line":272,"column":13}},"77":{"start":{"line":271,"column":14},"end":{"line":271,"column":36}},"78":{"start":{"line":273,"column":12},"end":{"line":273,"column":24}},"79":{"start":{"line":282,"column":6},"end":{"line":371,"column":7}},"80":{"start":{"line":284,"column":50},"end":{"line":284,"column":75}},"81":{"start":{"line":285,"column":8},"end":{"line":300,"column":9}},"82":{"start":{"line":287,"column":12},"end":{"line":287,"column":56}},"83":{"start":{"line":288,"column":12},"end":{"line":288,"column":18}},"84":{"start":{"line":290,"column":12},"end":{"line":290,"column":54}},"85":{"start":{"line":291,"column":12},"end":{"line":291,"column":18}},"86":{"start":{"line":293,"column":12},"end":{"line":293,"column":52}},"87":{"start":{"line":294,"column":12},"end":{"line":294,"column":18}},"88":{"start":{"line":296,"column":12},"end":{"line":296,"column":63}},"89":{"start":{"line":297,"column":12},"end":{"line":297,"column":18}},"90":{"start":{"line":299,"column":12},"end":{"line":299,"column":18}},"91":{"start":{"line":302,"column":24},"end":{"line":308,"column":10}},"92":{"start":{"line":310,"column":23},"end":{"line":310,"column":56}},"93":{"start":{"line":313,"column":8},"end":{"line":321,"column":9}},"94":{"start":{"line":314,"column":10},"end":{"line":320,"column":12}},"95":{"start":{"line":324,"column":8},"end":{"line":345,"column":9}},"96":{"start":{"line":325,"column":26},"end":{"line":330,"column":12}},"97":{"start":{"line":331,"column":10},"end":{"line":331,"column":44}},"98":{"start":{"line":333,"column":10},"end":{"line":344,"column":12}},"99":{"start":{"line":347,"column":8},"end":{"line":350,"column":11}},"100":{"start":{"line":352,"column":8},"end":{"line":352,"column":63}},"101":{"start":{"line":354,"column":8},"end":{"line":359,"column":9}},"102":{"start":{"line":355,"column":10},"end":{"line":358,"column":13}},"103":{"start":{"line":360,"column":8},"end":{"line":365,"column":9}},"104":{"start":{"line":361,"column":10},"end":{"line":364,"column":13}},"105":{"start":{"line":367,"column":8},"end":{"line":370,"column":11}},"106":{"start":{"line":377,"column":20},"end":{"line":377,"column":44}},"107":{"start":{"line":378,"column":24},"end":{"line":378,"column":46}},"108":{"start":{"line":380,"column":4},"end":{"line":382,"column":5}},"109":{"start":{"line":381,"column":6},"end":{"line":381,"column":61}},"110":{"start":{"line":386,"column":4},"end":{"line":391,"column":5}},"111":{"start":{"line":387,"column":6},"end":{"line":387,"column":51}},"112":{"start":{"line":389,"column":6},"end":{"line":389,"column":59}},"113":{"start":{"line":390,"column":6},"end":{"line":390,"column":66}},"114":{"start":{"line":393,"column":19},"end":{"line":393,"column":30}},"115":{"start":{"line":396,"column":20},"end":{"line":396,"column":42}},"116":{"start":{"line":397,"column":39},"end":{"line":397,"column":76}},"117":{"start":{"line":398,"column":18},"end":{"line":398,"column":35}},"118":{"start":{"line":400,"column":20},"end":{"line":400,"column":24}},"119":{"start":{"line":402,"column":4},"end":{"line":412,"column":5}},"120":{"start":{"line":403,"column":18},"end":{"line":407,"column":null}},"121":{"start":{"line":409,"column":6},"end":{"line":409,"column":30}},"122":{"start":{"line":411,"column":6},"end":{"line":411,"column":53}},"123":{"start":{"line":415,"column":4},"end":{"line":449,"column":5}},"124":{"start":{"line":416,"column":18},"end":{"line":416,"column":42}},"125":{"start":{"line":417,"column":23},"end":{"line":417,"column":75}},"126":{"start":{"line":418,"column":24},"end":{"line":418,"column":43}},"127":{"start":{"line":420,"column":6},"end":{"line":432,"column":8}},"128":{"start":{"line":434,"column":6},"end":{"line":448,"column":7}},"129":{"start":{"line":435,"column":8},"end":{"line":440,"column":10}},"130":{"start":{"line":441,"column":8},"end":{"line":441,"column":63}},"131":{"start":{"line":443,"column":8},"end":{"line":443,"column":60}},"132":{"start":{"line":444,"column":8},"end":{"line":447,"column":11}},"133":{"start":{"line":452,"column":4},"end":{"line":459,"column":6}},"134":{"start":{"line":466,"column":4},"end":{"line":526,"column":5}},"135":{"start":{"line":467,"column":22},"end":{"line":467,"column":46}},"136":{"start":{"line":468,"column":27},"end":{"line":468,"column":50}},"137":{"start":{"line":470,"column":6},"end":{"line":472,"column":7}},"138":{"start":{"line":471,"column":8},"end":{"line":471,"column":65}},"139":{"start":{"line":475,"column":18},"end":{"line":481,"column":8}},"140":{"start":{"line":483,"column":21},"end":{"line":483,"column":50}},"141":{"start":{"line":485,"column":6},"end":{"line":487,"column":7}},"142":{"start":{"line":486,"column":8},"end":{"line":486,"column":69}},"143":{"start":{"line":490,"column":22},"end":{"line":494,"column":8}},"144":{"start":{"line":495,"column":6},"end":{"line":495,"column":40}},"145":{"start":{"line":498,"column":24},"end":{"line":498,"column":63}},"146":{"start":{"line":499,"column":20},"end":{"line":499,"column":55}},"147":{"start":{"line":501,"column":22},"end":{"line":501,"column":78}},"148":{"start":{"line":503,"column":6},"end":{"line":508,"column":7}},"149":{"start":{"line":504,"column":8},"end":{"line":507,"column":10}},"150":{"start":{"line":510,"column":21},"end":{"line":510,"column":32}},"151":{"start":{"line":513,"column":21},"end":{"line":513,"column":60}},"152":{"start":{"line":515,"column":6},"end":{"line":522,"column":8}},"153":{"start":{"line":524,"column":6},"end":{"line":524,"column":43}},"154":{"start":{"line":525,"column":6},"end":{"line":525,"column":67}},"155":{"start":{"line":530,"column":20},"end":{"line":530,"column":45}},"156":{"start":{"line":531,"column":4},"end":{"line":531,"column":38}},"157":{"start":{"line":532,"column":4},"end":{"line":532,"column":52}}},"fnMap":{"0":{"name":"(anonymous_10)","decl":{"start":{"line":42,"column":29},"end":{"line":42,"column":40}},"loc":{"start":{"line":42,"column":42},"end":{"line":46,"column":1}}},"1":{"name":"(anonymous_11)","decl":{"start":{"line":48,"column":19},"end":{"line":48,"column":24}},"loc":{"start":{"line":48,"column":55},"end":{"line":90,"column":1}}},"2":{"name":"(anonymous_12)","decl":{"start":{"line":92,"column":15},"end":{"line":92,"column":20}},"loc":{"start":{"line":92,"column":69},"end":{"line":100,"column":1}}},"3":{"name":"(anonymous_13)","decl":{"start":{"line":109,"column":14},"end":{"line":109,"column":19}},"loc":{"start":{"line":109,"column":34},"end":{"line":143,"column":5}}},"4":{"name":"(anonymous_14)","decl":{"start":{"line":152,"column":14},"end":{"line":152,"column":19}},"loc":{"start":{"line":152,"column":39},"end":{"line":252,"column":5}}},"5":{"name":"(anonymous_15)","decl":{"start":{"line":265,"column":10},"end":{"line":265,"column":11}},"loc":{"start":{"line":265,"column":19},"end":{"line":274,"column":11}}},"6":{"name":"(anonymous_16)","decl":{"start":{"line":281,"column":14},"end":{"line":281,"column":19}},"loc":{"start":{"line":281,"column":39},"end":{"line":372,"column":5}}},"7":{"name":"(anonymous_17)","decl":{"start":{"line":376,"column":28},"end":{"line":376,"column":33}},"loc":{"start":{"line":376,"column":46},"end":{"line":460,"column":3}}},"8":{"name":"(anonymous_18)","decl":{"start":{"line":396,"column":20},"end":{"line":396,"column":33}},"loc":{"start":{"line":396,"column":20},"end":{"line":396,"column":42}}},"9":{"name":"(anonymous_19)","decl":{"start":{"line":397,"column":39},"end":{"line":397,"column":52}},"loc":{"start":{"line":397,"column":39},"end":{"line":397,"column":76}}},"10":{"name":"(anonymous_20)","decl":{"start":{"line":465,"column":36},"end":{"line":465,"column":41}},"loc":{"start":{"line":465,"column":54},"end":{"line":527,"column":3}}},"11":{"name":"(anonymous_21)","decl":{"start":{"line":529,"column":38},"end":{"line":529,"column":43}},"loc":{"start":{"line":529,"column":56},"end":{"line":533,"column":3}}}},"branchMap":{"0":{"loc":{"start":{"line":34,"column":30},"end":{"line":34,"column":81}},"type":"binary-expr","locations":[{"start":{"line":34,"column":30},"end":{"line":34,"column":51}},{"start":{"line":34,"column":55},"end":{"line":34,"column":81}}]},"1":{"loc":{"start":{"line":67,"column":4},"end":{"line":83,"column":5}},"type":"if","locations":[{"start":{"line":67,"column":4},"end":{"line":83,"column":5}},{"start":{"line":81,"column":11},"end":{"line":83,"column":5}}]},"2":{"loc":{"start":{"line":125,"column":8},"end":{"line":130,"column":9}},"type":"if","locations":[{"start":{"line":125,"column":8},"end":{"line":130,"column":9}}]},"3":{"loc":{"start":{"line":131,"column":8},"end":{"line":136,"column":9}},"type":"if","locations":[{"start":{"line":131,"column":8},"end":{"line":136,"column":9}}]},"4":{"loc":{"start":{"line":162,"column":8},"end":{"line":190,"column":9}},"type":"if","locations":[{"start":{"line":162,"column":8},"end":{"line":190,"column":9}}]},"5":{"loc":{"start":{"line":163,"column":10},"end":{"line":171,"column":11}},"type":"if","locations":[{"start":{"line":163,"column":10},"end":{"line":171,"column":11}}]},"6":{"loc":{"start":{"line":173,"column":10},"end":{"line":181,"column":11}},"type":"if","locations":[{"start":{"line":173,"column":10},"end":{"line":181,"column":11}}]},"7":{"loc":{"start":{"line":193,"column":8},"end":{"line":213,"column":9}},"type":"if","locations":[{"start":{"line":193,"column":8},"end":{"line":213,"column":9}}]},"8":{"loc":{"start":{"line":196,"column":25},"end":{"line":196,"column":72}},"type":"binary-expr","locations":[{"start":{"line":196,"column":25},"end":{"line":196,"column":64}},{"start":{"line":196,"column":68},"end":{"line":196,"column":72}}]},"9":{"loc":{"start":{"line":197,"column":21},"end":{"line":197,"column":64}},"type":"binary-expr","locations":[{"start":{"line":197,"column":21},"end":{"line":197,"column":56}},{"start":{"line":197,"column":60},"end":{"line":197,"column":64}}]},"10":{"loc":{"start":{"line":198,"column":26},"end":{"line":198,"column":74}},"type":"binary-expr","locations":[{"start":{"line":198,"column":26},"end":{"line":198,"column":66}},{"start":{"line":198,"column":70},"end":{"line":198,"column":74}}]},"11":{"loc":{"start":{"line":199,"column":23},"end":{"line":199,"column":68}},"type":"binary-expr","locations":[{"start":{"line":199,"column":23},"end":{"line":199,"column":60}},{"start":{"line":199,"column":64},"end":{"line":199,"column":68}}]},"12":{"loc":{"start":{"line":222,"column":8},"end":{"line":227,"column":9}},"type":"if","locations":[{"start":{"line":222,"column":8},"end":{"line":227,"column":9}}]},"13":{"loc":{"start":{"line":228,"column":8},"end":{"line":233,"column":9}},"type":"if","locations":[{"start":{"line":228,"column":8},"end":{"line":233,"column":9}}]},"14":{"loc":{"start":{"line":234,"column":8},"end":{"line":239,"column":9}},"type":"if","locations":[{"start":{"line":234,"column":8},"end":{"line":239,"column":9}}]},"15":{"loc":{"start":{"line":240,"column":8},"end":{"line":245,"column":9}},"type":"if","locations":[{"start":{"line":240,"column":8},"end":{"line":245,"column":9}}]},"16":{"loc":{"start":{"line":267,"column":12},"end":{"line":269,"column":13}},"type":"if","locations":[{"start":{"line":267,"column":12},"end":{"line":269,"column":13}}]},"17":{"loc":{"start":{"line":270,"column":12},"end":{"line":272,"column":13}},"type":"if","locations":[{"start":{"line":270,"column":12},"end":{"line":272,"column":13}}]},"18":{"loc":{"start":{"line":285,"column":8},"end":{"line":300,"column":9}},"type":"switch","locations":[{"start":{"line":286,"column":10},"end":{"line":288,"column":18}},{"start":{"line":289,"column":10},"end":{"line":291,"column":18}},{"start":{"line":292,"column":10},"end":{"line":294,"column":18}},{"start":{"line":295,"column":10},"end":{"line":297,"column":18}},{"start":{"line":298,"column":10},"end":{"line":299,"column":18}}]},"19":{"loc":{"start":{"line":313,"column":8},"end":{"line":321,"column":9}},"type":"if","locations":[{"start":{"line":313,"column":8},"end":{"line":321,"column":9}}]},"20":{"loc":{"start":{"line":324,"column":8},"end":{"line":345,"column":9}},"type":"if","locations":[{"start":{"line":324,"column":8},"end":{"line":345,"column":9}}]},"21":{"loc":{"start":{"line":326,"column":25},"end":{"line":326,"column":72}},"type":"binary-expr","locations":[{"start":{"line":326,"column":25},"end":{"line":326,"column":64}},{"start":{"line":326,"column":68},"end":{"line":326,"column":72}}]},"22":{"loc":{"start":{"line":327,"column":21},"end":{"line":327,"column":64}},"type":"binary-expr","locations":[{"start":{"line":327,"column":21},"end":{"line":327,"column":56}},{"start":{"line":327,"column":60},"end":{"line":327,"column":64}}]},"23":{"loc":{"start":{"line":328,"column":26},"end":{"line":328,"column":74}},"type":"binary-expr","locations":[{"start":{"line":328,"column":26},"end":{"line":328,"column":66}},{"start":{"line":328,"column":70},"end":{"line":328,"column":74}}]},"24":{"loc":{"start":{"line":329,"column":23},"end":{"line":329,"column":68}},"type":"binary-expr","locations":[{"start":{"line":329,"column":23},"end":{"line":329,"column":60}},{"start":{"line":329,"column":64},"end":{"line":329,"column":68}}]},"25":{"loc":{"start":{"line":341,"column":14},"end":{"line":343,"column":51}},"type":"cond-expr","locations":[{"start":{"line":342,"column":18},"end":{"line":342,"column":59}},{"start":{"line":343,"column":18},"end":{"line":343,"column":51}}]},"26":{"loc":{"start":{"line":354,"column":8},"end":{"line":359,"column":9}},"type":"if","locations":[{"start":{"line":354,"column":8},"end":{"line":359,"column":9}}]},"27":{"loc":{"start":{"line":360,"column":8},"end":{"line":365,"column":9}},"type":"if","locations":[{"start":{"line":360,"column":8},"end":{"line":365,"column":9}}]},"28":{"loc":{"start":{"line":380,"column":4},"end":{"line":382,"column":5}},"type":"if","locations":[{"start":{"line":380,"column":4},"end":{"line":382,"column":5}}]},"29":{"loc":{"start":{"line":409,"column":13},"end":{"line":409,"column":29}},"type":"binary-expr","locations":[{"start":{"line":409,"column":13},"end":{"line":409,"column":21}},{"start":{"line":409,"column":25},"end":{"line":409,"column":29}}]},"30":{"loc":{"start":{"line":415,"column":4},"end":{"line":449,"column":5}},"type":"if","locations":[{"start":{"line":415,"column":4},"end":{"line":449,"column":5}}]},"31":{"loc":{"start":{"line":470,"column":6},"end":{"line":472,"column":7}},"type":"if","locations":[{"start":{"line":470,"column":6},"end":{"line":472,"column":7}}]},"32":{"loc":{"start":{"line":485,"column":6},"end":{"line":487,"column":7}},"type":"if","locations":[{"start":{"line":485,"column":6},"end":{"line":487,"column":7}}]},"33":{"loc":{"start":{"line":491,"column":21},"end":{"line":491,"column":68}},"type":"binary-expr","locations":[{"start":{"line":491,"column":21},"end":{"line":491,"column":60}},{"start":{"line":491,"column":64},"end":{"line":491,"column":68}}]},"34":{"loc":{"start":{"line":492,"column":17},"end":{"line":492,"column":60}},"type":"binary-expr","locations":[{"start":{"line":492,"column":17},"end":{"line":492,"column":52}},{"start":{"line":492,"column":56},"end":{"line":492,"column":60}}]},"35":{"loc":{"start":{"line":493,"column":19},"end":{"line":493,"column":64}},"type":"binary-expr","locations":[{"start":{"line":493,"column":19},"end":{"line":493,"column":56}},{"start":{"line":493,"column":60},"end":{"line":493,"column":64}}]},"36":{"loc":{"start":{"line":501,"column":22},"end":{"line":501,"column":78}},"type":"binary-expr","locations":[{"start":{"line":501,"column":22},"end":{"line":501,"column":46}},{"start":{"line":501,"column":50},"end":{"line":501,"column":78}}]},"37":{"loc":{"start":{"line":503,"column":6},"end":{"line":508,"column":7}},"type":"if","locations":[{"start":{"line":503,"column":6},"end":{"line":508,"column":7}}]},"38":{"loc":{"start":{"line":503,"column":10},"end":{"line":503,"column":34}},"type":"binary-expr","locations":[{"start":{"line":503,"column":10},"end":{"line":503,"column":18}},{"start":{"line":503,"column":22},"end":{"line":503,"column":34}}]}},"s":{"0":0,"1":0,"2":0,"3":0,"4":0,"5":0,"6":0,"7":0,"8":0,"9":0,"10":0,"11":0,"12":0,"13":0,"14":0,"15":0,"16":0,"17":0,"18":0,"19":0,"20":0,"21":0,"22":0,"23":0,"24":0,"25":0,"26":0,"27":0,"28":0,"29":0,"30":0,"31":0,"32":0,"33":0,"34":0,"35":0,"36":0,"37":0,"38":0,"39":0,"40":0,"41":0,"42":0,"43":0,"44":0,"45":0,"46":0,"47":0,"48":0,"49":0,"50":0,"51":0,"52":0,"53":0,"54":0,"55":0,"56":0,"57":0,"58":0,"59":0,"60":0,"61":0,"62":0,"63":0,"64":0,"65":0,"66":0,"67":0,"68":0,"69":0,"70":0,"71":0,"72":0,"73":0,"74":0,"75":0,"76":0,"77":0,"78":0,"79":0,"80":0,"81":0,"82":0,"83":0,"84":0,"85":0,"86":0,"87":0,"88":0,"89":0,"90":0,"91":0,"92":0,"93":0,"94":0,"95":0,"96":0,"97":0,"98":0,"99":0,"100":0,"101":0,"102":0,"103":0,"104":0,"105":0,"106":0,"107":0,"108":0,"109":0,"110":0,"111":0,"112":0,"113":0,"114":0,"115":0,"116":0,"117":0,"118":0,"119":0,"120":0,"121":0,"122":0,"123":0,"124":0,"125":0,"126":0,"127":0,"128":0,"129":0,"130":0,"131":0,"132":0,"133":0,"134":0,"135":0,"136":0,"137":0,"138":0,"139":0,"140":0,"141":0,"142":0,"143":0,"144":0,"145":0,"146":0,"147":0,"148":0,"149":0,"150":0,"151":0,"152":0,"153":0,"154":0,"155":0,"156":0,"157":0},"f":{"0":0,"1":0,"2":0,"3":0,"4":0,"5":0,"6":0,"7":0,"8":0,"9":0,"10":0,"11":0},"b":{"0":[0,0],"1":[0,0],"2":[0],"3":[0],"4":[0],"5":[0],"6":[0],"7":[0],"8":[0,0],"9":[0,0],"10":[0,0],"11":[0,0],"12":[0],"13":[0],"14":[0],"15":[0],"16":[0],"17":[0],"18":[0,0,0,0,0],"19":[0],"20":[0],"21":[0,0],"22":[0,0],"23":[0,0],"24":[0,0],"25":[0,0],"26":[0],"27":[0],"28":[0],"29":[0,0],"30":[0],"31":[0],"32":[0],"33":[0,0],"34":[0,0],"35":[0,0],"36":[0,0],"37":[0],"38":[0,0]}}
,"/Users/reesecantu/Documents/Northeastern/CS4700/MNG_Inventory_System/src/api/src/routers/export.ts": {"path":"/Users/reesecantu/Documents/Northeastern/CS4700/MNG_Inventory_System/src/api/src/routers/export.ts","statementMap":{"0":{"start":{"line":20,"column":0},"end":{"line":20,"column":7}},"1":{"start":{"line":39,"column":0},"end":{"line":39,"column":7}},"2":{"start":{"line":62,"column":0},"end":{"line":62,"column":7}},"3":{"start":{"line":1,"column":0},"end":{"line":1,"column":24}},"4":{"start":{"line":2,"column":0},"end":{"line":2,"column":72}},"5":{"start":{"line":3,"column":0},"end":{"line":3,"column":64}},"6":{"start":{"line":4,"column":0},"end":{"line":4,"column":40}},"7":{"start":{"line":5,"column":0},"end":{"line":5,"column":38}},"8":{"start":{"line":6,"column":0},"end":{"line":6,"column":25}},"9":{"start":{"line":7,"column":0},"end":{"line":7,"column":29}},"10":{"start":{"line":9,"column":15},"end":{"line":9,"column":27}},"11":{"start":{"line":10,"column":15},"end":{"line":10,"column":33}},"12":{"start":{"line":11,"column":15},"end":{"line":11,"column":28}},"13":{"start":{"line":13,"column":11},"end":{"line":13,"column":43}},"14":{"start":{"line":21,"column":14},"end":{"line":25,"column":null}},"15":{"start":{"line":28,"column":21},"end":{"line":28,"column":36}},"16":{"start":{"line":30,"column":2},"end":{"line":36,"column":5}},"17":{"start":{"line":31,"column":17},"end":{"line":31,"column":46}},"18":{"start":{"line":32,"column":4},"end":{"line":32,"column":26}},"19":{"start":{"line":33,"column":4},"end":{"line":33,"column":35}},"20":{"start":{"line":34,"column":4},"end":{"line":34,"column":31}},"21":{"start":{"line":35,"column":4},"end":{"line":35,"column":29}},"22":{"start":{"line":40,"column":2},"end":{"line":53,"column":5}},"23":{"start":{"line":41,"column":17},"end":{"line":41,"column":55}},"24":{"start":{"line":43,"column":17},"end":{"line":43,"column":19}},"25":{"start":{"line":44,"column":17},"end":{"line":44,"column":19}},"26":{"start":{"line":46,"column":4},"end":{"line":46,"column":60}},"27":{"start":{"line":46,"column":35},"end":{"line":46,"column":57}},"28":{"start":{"line":47,"column":4},"end":{"line":47,"column":60}},"29":{"start":{"line":47,"column":35},"end":{"line":47,"column":57}},"30":{"start":{"line":49,"column":4},"end":{"line":52,"column":7}},"31":{"start":{"line":50,"column":6},"end":{"line":51,"column":69}},"32":{"start":{"line":50,"column":22},"end":{"line":50,"column":42}},"33":{"start":{"line":51,"column":11},"end":{"line":51,"column":69}},"34":{"start":{"line":58,"column":2},"end":{"line":58,"column":91}},"35":{"start":{"line":63,"column":14},"end":{"line":63,"column":20}},"36":{"start":{"line":65,"column":16},"end":{"line":68,"column":4}},"37":{"start":{"line":70,"column":2},"end":{"line":70,"column":63}},"38":{"start":{"line":71,"column":2},"end":{"line":71,"column":67}},"39":{"start":{"line":73,"column":2},"end":{"line":73,"column":35}},"40":{"start":{"line":74,"column":2},"end":{"line":74,"column":34}},"41":{"start":{"line":76,"column":13},"end":{"line":76,"column":49}},"42":{"start":{"line":77,"column":13},"end":{"line":77,"column":48}},"43":{"start":{"line":79,"column":18},"end":{"line":79,"column":42}},"44":{"start":{"line":80,"column":23},"end":{"line":80,"column":52}},"45":{"start":{"line":82,"column":2},"end":{"line":86,"column":4}},"46":{"start":{"line":90,"column":13},"end":{"line":103,"column":3}},"47":{"start":{"line":94,"column":6},"end":{"line":101,"column":7}},"48":{"start":{"line":95,"column":8},"end":{"line":95,"column":45}},"49":{"start":{"line":97,"column":8},"end":{"line":100,"column":10}}},"fnMap":{"0":{"name":"downloadScript","decl":{"start":{"line":20,"column":22},"end":{"line":20,"column":36}},"loc":{"start":{"line":20,"column":65},"end":{"line":37,"column":1}}},"1":{"name":"(anonymous_10)","decl":{"start":{"line":30,"column":21},"end":{"line":30,"column":22}},"loc":{"start":{"line":30,"column":41},"end":{"line":36,"column":3}}},"2":{"name":"runPython","decl":{"start":{"line":39,"column":22},"end":{"line":39,"column":31}},"loc":{"start":{"line":39,"column":66},"end":{"line":54,"column":1}}},"3":{"name":"(anonymous_12)","decl":{"start":{"line":40,"column":21},"end":{"line":40,"column":22}},"loc":{"start":{"line":40,"column":41},"end":{"line":53,"column":3}}},"4":{"name":"(anonymous_13)","decl":{"start":{"line":46,"column":27},"end":{"line":46,"column":28}},"loc":{"start":{"line":46,"column":35},"end":{"line":46,"column":57}}},"5":{"name":"(anonymous_14)","decl":{"start":{"line":47,"column":27},"end":{"line":47,"column":28}},"loc":{"start":{"line":47,"column":35},"end":{"line":47,"column":57}}},"6":{"name":"(anonymous_15)","decl":{"start":{"line":49,"column":21},"end":{"line":49,"column":22}},"loc":{"start":{"line":49,"column":30},"end":{"line":52,"column":5}}},"7":{"name":"toCSV","decl":{"start":{"line":57,"column":9},"end":{"line":57,"column":14}},"loc":{"start":{"line":57,"column":44},"end":{"line":59,"column":1}}},"8":{"name":"runExport","decl":{"start":{"line":62,"column":22},"end":{"line":62,"column":31}},"loc":{"start":{"line":62,"column":46},"end":{"line":87,"column":1}}},"9":{"name":"(anonymous_18)","decl":{"start":{"line":93,"column":14},"end":{"line":93,"column":19}},"loc":{"start":{"line":93,"column":34},"end":{"line":102,"column":5}}}},"branchMap":{"0":{"loc":{"start":{"line":50,"column":6},"end":{"line":51,"column":69}},"type":"if","locations":[{"start":{"line":50,"column":6},"end":{"line":51,"column":69}},{"start":{"line":51,"column":11},"end":{"line":51,"column":69}}]},"1":{"loc":{"start":{"line":51,"column":28},"end":{"line":51,"column":66}},"type":"binary-expr","locations":[{"start":{"line":51,"column":28},"end":{"line":51,"column":34}},{"start":{"line":51,"column":38},"end":{"line":51,"column":66}}]},"2":{"loc":{"start":{"line":99,"column":17},"end":{"line":99,"column":55}},"type":"binary-expr","locations":[{"start":{"line":99,"column":17},"end":{"line":99,"column":28}},{"start":{"line":99,"column":32},"end":{"line":99,"column":55}}]}},"s":{"0":0,"1":0,"2":0,"3":0,"4":0,"5":0,"6":0,"7":0,"8":0,"9":0,"10":0,"11":0,"12":0,"13":0,"14":0,"15":0,"16":0,"17":0,"18":0,"19":0,"20":0,"21":0,"22":0,"23":0,"24":0,"25":0,"26":0,"27":0,"28":0,"29":0,"30":0,"31":0,"32":0,"33":0,"34":0,"35":0,"36":0,"37":0,"38":0,"39":0,"40":0,"41":0,"42":0,"43":0,"44":0,"45":0,"46":0,"47":0,"48":0,"49":0},"f":{"0":0,"1":0,"2":0,"3":0,"4":0,"5":0,"6":0,"7":0,"8":0,"9":0},"b":{"0":[0,0],"1":[0,0],"2":[0,0]}}
,"/Users/reesecantu/Documents/Northeastern/CS4700/MNG_Inventory_System/src/api/src/routers/hello.ts": {"path":"/Users/reesecantu/Documents/Northeastern/CS4700/MNG_Inventory_System/src/api/src/routers/hello.ts","statementMap":{"0":{"start":{"line":1,"column":0},"end":{"line":1,"column":24}},"1":{"start":{"line":2,"column":0},"end":{"line":2,"column":49}},"2":{"start":{"line":4,"column":13},"end":{"line":11,"column":3}},"3":{"start":{"line":8,"column":19},"end":{"line":8,"column":41}},"4":{"start":{"line":9,"column":6},"end":{"line":9,"column":42}}},"fnMap":{"0":{"name":"(anonymous_0)","decl":{"start":{"line":7,"column":11},"end":{"line":7,"column":12}},"loc":{"start":{"line":7,"column":25},"end":{"line":10,"column":5}}}},"branchMap":{"0":{"loc":{"start":{"line":8,"column":19},"end":{"line":8,"column":41}},"type":"binary-expr","locations":[{"start":{"line":8,"column":19},"end":{"line":8,"column":30}},{"start":{"line":8,"column":34},"end":{"line":8,"column":41}}]}},"s":{"0":0,"1":0,"2":0,"3":0,"4":0},"f":{"0":0},"b":{"0":[0,0]}}
[...]
":22,"column":76}}},"2":{"name":"(anonymous_3)","decl":{"start":{"line":37,"column":14},"end":{"line":37,"column":19}},"loc":{"start":{"line":37,"column":34},"end":{"line":102,"column":5}}},"3":{"name":"(anonymous_4)","decl":{"start":{"line":107,"column":11},"end":{"line":107,"column":16}},"loc":{"start":{"line":107,"column":31},"end":{"line":138,"column":5}}},"4":{"name":"(anonymous_5)","decl":{"start":{"line":122,"column":26},"end":{"line":122,"column":31}},"loc":{"start":{"line":122,"column":38},"end":{"line":130,"column":11}}},"5":{"name":"(anonymous_6)","decl":{"start":{"line":143,"column":11},"end":{"line":143,"column":16}},"loc":{"start":{"line":143,"column":31},"end":{"line":174,"column":5}}},"6":{"name":"(anonymous_7)","decl":{"start":{"line":185,"column":14},"end":{"line":185,"column":19}},"loc":{"start":{"line":185,"column":34},"end":{"line":233,"column":5}}},"7":{"name":"(anonymous_8)","decl":{"start":{"line":243,"column":14},"end":{"line":243,"column":19}},"loc":{"start":{"line":243,"column":34},"end":{"line":280,"column":5}}},"8":{"name":"(anonymous_9)","decl":{"start":{"line":290,"column":14},"end":{"line":290,"column":19}},"loc":{"start":{"line":290,"column":34},"end":{"line":343,"column":5}}},"9":{"name":"(anonymous_10)","decl":{"start":{"line":304,"column":20},"end":{"line":304,"column":21}},"loc":{"start":{"line":305,"column":12},"end":{"line":309,"column":null}}},"10":{"name":"(anonymous_11)","decl":{"start":{"line":332,"column":38},"end":{"line":332,"column":39}},"loc":{"start":{"line":332,"column":46},"end":{"line":332,"column":61}}},"11":{"name":"(anonymous_12)","decl":{"start":{"line":345,"column":40},"end":{"line":345,"column":45}},"loc":{"start":{"line":345,"column":51},"end":{"line":419,"column":3}}}},"branchMap":{"0":{"loc":{"start":{"line":18,"column":15},"end":{"line":18,"column":21}},"type":"default-arg","locations":[{"start":{"line":18,"column":19},"end":{"line":18,"column":21}}]},"1":{"loc":{"start":{"line":52,"column":8},"end":{"line":54,"column":9}},"type":"if","locations":[{"start":{"line":52,"column":8},"end":{"line":54,"column":9}}]},"2":{"loc":{"start":{"line":52,"column":12},"end":{"line":52,"column":45}},"type":"binary-expr","locations":[{"start":{"line":52,"column":12},"end":{"line":52,"column":21}},{"start":{"line":52,"column":25},"end":{"line":52,"column":45}}]},"3":{"loc":{"start":{"line":100,"column":40},"end":{"line":100,"column":84}},"type":"binary-expr","locations":[{"start":{"line":100,"column":40},"end":{"line":100,"column":51}},{"start":{"line":100,"column":55},"end":{"line":100,"column":84}}]},"4":{"loc":{"start":{"line":118,"column":28},"end":{"line":118,"column":41}},"type":"binary-expr","locations":[{"start":{"line":118,"column":28},"end":{"line":118,"column":35}},{"start":{"line":118,"column":39},"end":{"line":118,"column":41}}]},"5":{"loc":{"start":{"line":119,"column":8},"end":{"line":119,"column":69}},"type":"if","locations":[{"start":{"line":119,"column":8},"end":{"line":119,"column":69}}]},"6":{"loc":{"start":{"line":136,"column":40},"end":{"line":136,"column":79}},"type":"binary-expr","locations":[{"start":{"line":136,"column":40},"end":{"line":136,"column":51}},{"start":{"line":136,"column":55},"end":{"line":136,"column":79}}]},"7":{"loc":{"start":{"line":153,"column":8},"end":{"line":155,"column":9}},"type":"if","locations":[{"start":{"line":153,"column":8},"end":{"line":155,"column":9}}]},"8":{"loc":{"start":{"line":165,"column":8},"end":{"line":167,"column":9}},"type":"if","locations":[{"start":{"line":165,"column":8},"end":{"line":167,"column":9}}]},"9":{"loc":{"start":{"line":172,"column":40},"end":{"line":172,"column":78}},"type":"binary-expr","locations":[{"start":{"line":172,"column":40},"end":{"line":172,"column":51}},{"start":{"line":172,"column":55},"end":{"line":172,"column":78}}]},"10":{"loc":{"start":{"line":199,"column":8},"end":{"line":201,"column":9}},"type":"if","locations":[{"start":{"line":199,"column":8},"end":{"line":201,"column":9}}]},"11":{"loc":{"start":{"line":230,"column":17},"end":{"line":230,"column":55}},"type":"binary-expr","locations":[{"start":{"line":230,"column":17},"end":{"line":230,"column":28}},{"start":{"line":230,"column":32},"end":{"line":230,"column":55}}]},"12":{"loc":{"start":{"line":257,"column":8},"end":{"line":259,"column":9}},"type":"if","locations":[{"start":{"line":257,"column":8},"end":{"line":259,"column":9}}]},"13":{"loc":{"start":{"line":277,"column":17},"end":{"line":277,"column":58}},"type":"binary-expr","locations":[{"start":{"line":277,"column":17},"end":{"line":277,"column":28}},{"start":{"line":277,"column":32},"end":{"line":277,"column":58}}]},"14":{"loc":{"start":{"line":302,"column":22},"end":{"line":302,"column":35}},"type":"binary-expr","locations":[{"start":{"line":302,"column":22},"end":{"line":302,"column":29}},{"start":{"line":302,"column":33},"end":{"line":302,"column":35}}]},"15":{"loc":{"start":{"line":325,"column":25},"end":{"line":325,"column":46}},"type":"binary-expr","locations":[{"start":{"line":325,"column":25},"end":{"line":325,"column":40}},{"start":{"line":325,"column":44},"end":{"line":325,"column":46}}]},"16":{"loc":{"start":{"line":327,"column":8},"end":{"line":336,"column":9}},"type":"if","locations":[{"start":{"line":327,"column":8},"end":{"line":336,"column":9}}]},"17":{"loc":{"start":{"line":341,"column":40},"end":{"line":341,"column":84}},"type":"binary-expr","locations":[{"start":{"line":341,"column":40},"end":{"line":341,"column":51}},{"start":{"line":341,"column":55},"end":{"line":341,"column":84}}]},"18":{"loc":{"start":{"line":358,"column":23},"end":{"line":358,"column":38}},"type":"binary-expr","locations":[{"start":{"line":358,"column":23},"end":{"line":358,"column":32}},{"start":{"line":358,"column":36},"end":{"line":358,"column":38}}]},"19":{"loc":{"start":{"line":362,"column":23},"end":{"line":362,"column":40}},"type":"binary-expr","locations":[{"start":{"line":362,"column":23},"end":{"line":362,"column":28}},{"start":{"line":362,"column":32},"end":{"line":362,"column":40}}]},"20":{"loc":{"start":{"line":376,"column":26},"end":{"line":376,"column":46}},"type":"binary-expr","locations":[{"start":{"line":376,"column":26},"end":{"line":376,"column":40}},{"start":{"line":376,"column":44},"end":{"line":376,"column":46}}]},"21":{"loc":{"start":{"line":381,"column":25},"end":{"line":381,"column":67}},"type":"binary-expr","locations":[{"start":{"line":381,"column":25},"end":{"line":381,"column":33}},{"start":{"line":381,"column":37},"end":{"line":381,"column":67}}]},"22":{"loc":{"start":{"line":394,"column":23},"end":{"line":394,"column":41}},"type":"binary-expr","locations":[{"start":{"line":394,"column":23},"end":{"line":394,"column":35}},{"start":{"line":394,"column":39},"end":{"line":394,"column":41}}]},"23":{"loc":{"start":{"line":398,"column":22},"end":{"line":398,"column":54}},"type":"binary-expr","locations":[{"start":{"line":398,"column":22},"end":{"line":398,"column":35}},{"start":{"line":398,"column":39},"end":{"line":398,"column":48}},{"start":{"line":398,"column":52},"end":{"line":398,"column":54}}]},"24":{"loc":{"start":{"line":406,"column":16},"end":{"line":406,"column":28}},"type":"binary-expr","locations":[{"start":{"line":406,"column":16},"end":{"line":406,"column":22}},{"start":{"line":406,"column":26},"end":{"line":406,"column":28}}]},"25":{"loc":{"start":{"line":416,"column":15},"end":{"line":416,"column":58}},"type":"binary-expr","locations":[{"start":{"line":416,"column":15},"end":{"line":416,"column":26}},{"start":{"line":416,"column":30},"end":{"line":416,"column":58}}]}},"s":{"0":0,"1":0,"2":0,"3":0,"4":0,"5":0,"6":0,"7":0,"8":0,"9":0,"10":0,"11":0,"12":0,"13":0,"14":0,"15":0,"16":0,"17":0,"18":0,"19":0,"20":0,"21":0,"22":0,"23":0,"24":0,"25":0,"26":0,"27":0,"28":0,"29":0,"30":0,"31":0,"32":0,"33":0,"34":0,"35":0,"36":0,"37":0,"38":0,"39":0,"40":0,"41":0,"42":0,"43":0,"44":0,"45":0,"46":0,"47":0,"48":0,"49":0,"50":0,"51":0,"52":0,"53":0,"54":0,"55":0,"56":0,"57":0,"58":0,"59":0,"60":0,"61":0,"62":0,"63":0,"64":0,"65":0,"66":0,"67":0,"68":0,"69":0,"70":0,"71":0,"72":0,"73":0,"74":0,"75":0,"76":0,"77":0,"78":0,"79":0,"80":0,"81":0,"82":0,"83":0,"84":0,"85":0,"86":0,"87":0,"88":0,"89":0,"90":0,"91":0,"92":0,"93":0,"94":0,"95":0,"96":0,"97":0,"98":0,"99":0},"f":{"0":0,"1":0,"2":0,"3":0,"4":0,"5":0,"6":0,"7":0,"8":0,"9":0,"10":0,"11":0},"b":{"0":[0],"1":[0],"2":[0,0],"3":[0,0],"4":[0,0],"5":[0],"6":[0,0],"7":[0],"8":[0],"9":[0,0],"10":[0],"11":[0,0],"12":[0],"13":[0,0],"14":[0,0],"15":[0,0],"16":[0],"17":[0,0],"18":[0,0],"19":[0,0],"20":[0,0],"21":[0,0],"22":[0,0],"23":[0,0,0],"24":[0,0],"25":[0,0]}}
,"/Users/reesecantu/Documents/Northeastern/CS4700/MNG_Inventory_System/src/api/src/routers/trpc.ts": {"path":"/Users/reesecantu/Documents/Northeastern/CS4700/MNG_Inventory_System/src/api/src/routers/trpc.ts","statementMap":{"0":{"start":{"line":125,"column":0},"end":{"line":125,"column":16}},"1":{"start":{"line":1,"column":0},"end":{"line":1,"column":40}},"2":{"start":{"line":5,"column":0},"end":{"line":5,"column":72}},"3":{"start":{"line":6,"column":0},"end":{"line":6,"column":52}},"4":{"start":{"line":7,"column":0},"end":{"line":7,"column":65}},"5":{"start":{"line":8,"column":0},"end":{"line":8,"column":41}},"6":{"start":{"line":33,"column":36},"end":{"line":41,"column":2}},"7":{"start":{"line":36,"column":57},"end":{"line":41,"column":2}},"8":{"start":{"line":33,"column":13},"end":{"line":33,"column":36}},"9":{"start":{"line":43,"column":35},"end":{"line":56,"column":1}},"10":{"start":{"line":50,"column":2},"end":{"line":55,"column":4}},"11":{"start":{"line":43,"column":13},"end":{"line":43,"column":35}},"12":{"start":{"line":61,"column":10},"end":{"line":61,"column":46}},"13":{"start":{"line":63,"column":13},"end":{"line":63,"column":31}},"14":{"start":{"line":64,"column":13},"end":{"line":64,"column":43}},"15":{"start":{"line":65,"column":13},"end":{"line":65,"column":43}},"16":{"start":{"line":71,"column":21},"end":{"line":71,"column":78}},"17":{"start":{"line":72,"column":28},"end":{"line":72,"column":89}},"18":{"start":{"line":74,"column":17},"end":{"line":78,"column":2}},"19":{"start":{"line":84,"column":17},"end":{"line":120,"column":2}},"20":{"start":{"line":85,"column":18},"end":{"line":85,"column":42}},"21":{"start":{"line":86,"column":22},"end":{"line":86,"column":44}},"22":{"start":{"line":88,"column":2},"end":{"line":90,"column":3}},"23":{"start":{"line":89,"column":4},"end":{"line":89,"column":58}},"24":{"start":{"line":92,"column":2},"end":{"line":119,"column":3}},"25":{"start":{"line":93,"column":20},"end":{"line":93,"column":54}},"26":{"start":{"line":97,"column":6},"end":{"line":97,"column":95}},"27":{"start":{"line":100,"column":38},"end":{"line":100,"column":75}},"28":{"start":{"line":102,"column":4},"end":{"line":116,"column":7}},"29":{"start":{"line":118,"column":4},"end":{"line":118,"column":90}},"30":{"start":{"line":122,"column":13},"end":{"line":122,"column":60}},"31":{"start":{"line":126,"column":2},"end":{"line":139,"column":4}},"32":{"start":{"line":127,"column":17},"end":{"line":127,"column":25}},"33":{"start":{"line":128,"column":4},"end":{"line":128,"column":97}},"34":{"start":{"line":128,"column":15},"end":{"line":128,"column":97}},"35":{"start":{"line":130,"column":4},"end":{"line":132,"column":5}},"36":{"start":{"line":131,"column":6},"end":{"line":131,"column":94}},"37":{"start":{"line":134,"column":4},"end":{"line":136,"column":5}},"38":{"start":{"line":135,"column":6},"end":{"line":135,"column":86}},"39":{"start":{"line":138,"column":4},"end":{"line":138,"column":18}},"40":{"start":{"line":142,"column":37},"end":{"line":143,"column":49}},"41":{"start":{"line":143,"column":2},"end":{"line":143,"column":49}},"42":{"start":{"line":142,"column":13},"end":{"line":142,"column":37}}},"fnMap":{"0":{"name":"(anonymous_0)","decl":{"start":{"line":33,"column":36},"end":{"line":33,"column":37}},"loc":{"start":{"line":36,"column":57},"end":{"line":41,"column":2}}},"1":{"name":"(anonymous_1)","decl":{"start":{"line":43,"column":35},"end":{"line":43,"column":40}},"loc":{"start":{"line":49,"column":23},"end":{"line":56,"column":1}}},"2":{"name":"(anonymous_2)","decl":{"start":{"line":84,"column":30},"end":{"line":84,"column":35}},"loc":{"start":{"line":84,"column":54},"end":{"line":120,"column":1}}},"3":{"name":"requirePermission","decl":{"start":{"line":125,"column":16},"end":{"line":125,"column":33}},"loc":{"start":{"line":125,"column":64},"end":{"line":140,"column":1}}},"4":{"name":"(anonymous_4)","decl":{"start":{"line":126,"column":9},"end":{"line":126,"column":14}},"loc":{"start":{"line":126,"column":62},"end":{"line":139,"column":3}}},"5":{"name":"(anonymous_5)","decl":{"start":{"line":142,"column":37},"end":{"line":142,"column":38}},"loc":{"start":{"line":143,"column":2},"end":{"line":143,"column":49}}}},"branchMap":{"0":{"loc":{"start":{"line":71,"column":21},"end":{"line":71,"column":78}},"type":"binary-expr","locations":[{"start":{"line":71,"column":21},"end":{"line":71,"column":53}},{"start":{"line":71,"column":57},"end":{"line":71,"column":78}}]},"1":{"loc":{"start":{"line":72,"column":28},"end":{"line":72,"column":89}},"type":"binary-expr","locations":[{"start":{"line":72,"column":28},"end":{"line":72,"column":57}},{"start":{"line":72,"column":61},"end":{"line":72,"column":89}}]},"2":{"loc":{"start":{"line":88,"column":2},"end":{"line":90,"column":3}},"type":"if","locations":[{"start":{"line":88,"column":2},"end":{"line":90,"column":3}}]},"3":{"loc":{"start":{"line":97,"column":6},"end":{"line":97,"column":95}},"type":"cond-expr","locations":[{"start":{"line":97,"column":62},"end":{"line":97,"column":83}},{"start":{"line":97,"column":86},"end":{"line":97,"column":95}}]},"4":{"loc":{"start":{"line":97,"column":6},"end":{"line":97,"column":59}},"type":"binary-expr","locations":[{"start":{"line":97,"column":6},"end":{"line":97,"column":33}},{"start":{"line":97,"column":37},"end":{"line":97,"column":59}}]},"5":{"loc":{"start":{"line":110,"column":12},"end":{"line":110,"column":98}},"type":"cond-expr","locations":[{"start":{"line":110,"column":51},"end":{"line":110,"column":86}},{"start":{"line":110,"column":89},"end":{"line":110,"column":98}}]},"6":{"loc":{"start":{"line":118,"column":38},"end":{"line":118,"column":86}},"type":"cond-expr","locations":[{"start":{"line":118,"column":61},"end":{"line":118,"column":72}},{"start":{"line":118,"column":75},"end":{"line":118,"column":86}}]},"7":{"loc":{"start":{"line":128,"column":4},"end":{"line":128,"column":97}},"type":"if","locations":[{"start":{"line":128,"column":4},"end":{"line":128,"column":97}}]},"8":{"loc":{"start":{"line":130,"column":4},"end":{"line":132,"column":5}},"type":"if","locations":[{"start":{"line":130,"column":4},"end":{"line":132,"column":5}}]},"9":{"loc":{"start":{"line":130,"column":8},"end":{"line":130,"column":61}},"type":"binary-expr","locations":[{"start":{"line":130,"column":8},"end":{"line":130,"column":25}},{"start":{"line":130,"column":29},"end":{"line":130,"column":61}}]},"10":{"loc":{"start":{"line":134,"column":4},"end":{"line":136,"column":5}},"type":"if","locations":[{"start":{"line":134,"column":4},"end":{"line":136,"column":5}}]}},"s":{"0":0,"1":0,"2":0,"3":0,"4":0,"5":0,"6":0,"7":0,"8":0,"9":0,"10":0,"11":0,"12":0,"13":0,"14":0,"15":0,"16":0,"17":0,"18":0,"19":0,"20":0,"21":0,"22":0,"23":0,"24":0,"25":0,"26":0,"27":0,"28":0,"29":0,"30":0,"31":0,"32":0,"33":0,"34":0,"35":0,"36":0,"37":0,"38":0,"39":0,"40":0,"41":0,"42":0},"f":{"0":0,"1":0,"2":0,"3":0,"4":0,"5":0},"b":{"0":[0,0],"1":[0,0],"2":[0],"3":[0,0],"4":[0,0],"5":[0,0],"6":[0,0],"7":[0],"8":[0],"9":[0,0],"10":[0]}}
,"/Users/reesecantu/Documents/Northeastern/CS4700/MNG_Inventory_System/src/api/src/routers/users.ts": {"path":"/Users/reesecantu/Documents/Northeastern/CS4700/MNG_Inventory_System/src/api/src/routers/users.ts","statementMap":{"0":{"start":{"line":1,"column":0},"end":{"line":1,"column":24}},"1":{"start":{"line":2,"column":0},"end":{"line":2,"column":72}},"2":{"start":{"line":3,"column":0},"end":{"line":3,"column":79}},"3":{"start":{"line":4,"column":0},"end":{"line":4,"column":29}},"4":{"start":{"line":5,"column":0},"end":{"line":5,"column":40}},"5":{"start":{"line":7,"column":15},"end":{"line":7,"column":27}},"6":{"start":{"line":8,"column":19},"end":{"line":8,"column":36}},"7":{"start":{"line":10,"column":13},"end":{"line":92,"column":3}},"8":{"start":{"line":12,"column":21},"end":{"line":20,"column":null}},"9":{"start":{"line":23,"column":18},"end":{"line":28,"column":7}},"10":{"start":{"line":23,"column":56},"end":{"line":28,"column":6}},"11":{"start":{"line":30,"column":4},"end":{"line":30,"column":21}},"12":{"start":{"line":41,"column":18},"end":{"line":41,"column":42}},"13":{"start":{"line":42,"column":21},"end":{"line":42,"column":49}},"14":{"start":{"line":44,"column":22},"end":{"line":48,"column":null}},"15":{"start":{"line":51,"column":6},"end":{"line":51,"column":59}},"16":{"start":{"line":51,"column":25},"end":{"line":51,"column":59}},"17":{"start":{"line":53,"column":6},"end":{"line":69,"column":8}},"18":{"start":{"line":71,"column":6},"end":{"line":71,"column":57}},"19":{"start":{"line":77,"column":22},"end":{"line":81,"column":null}},"20":{"start":{"line":84,"column":19},"end":{"line":84,"column":31}},"21":{"start":{"line":85,"column":6},"end":{"line":85,"column":51}},"22":{"start":{"line":85,"column":17},"end":{"line":85,"column":51}},"23":{"start":{"line":87,"column":6},"end":{"line":90,"column":8}}},"fnMap":{"0":{"name":"(anonymous_0)","decl":{"start":{"line":11,"column":71},"end":{"line":11,"column":76}},"loc":{"start":{"line":11,"column":82},"end":{"line":31,"column":3}}},"1":{"name":"(anonymous_1)","decl":{"start":{"line":23,"column":45},"end":{"line":23,"column":46}},"loc":{"start":{"line":23,"column":56},"end":{"line":28,"column":6}}},"2":{"name":"(anonymous_2)","decl":{"start":{"line":40,"column":14},"end":{"line":40,"column":19}},"loc":{"start":{"line":40,"column":34},"end":{"line":72,"column":5}}},"3":{"name":"(anonymous_3)","decl":{"start":{"line":76,"column":11},"end":{"line":76,"column":16}},"loc":{"start":{"line":76,"column":31},"end":{"line":91,"column":5}}}},"branchMap":{"0":{"loc":{"start":{"line":23,"column":19},"end":{"line":23,"column":39}},"type":"binary-expr","locations":[{"start":{"line":23,"column":19},"end":{"line":23,"column":33}},{"start":{"line":23,"column":37},"end":{"line":23,"column":39}}]},"1":{"loc":{"start":{"line":25,"column":16},"end":{"line":25,"column":42}},"type":"binary-expr","locations":[{"start":{"line":25,"column":16},"end":{"line":25,"column":29}},{"start":{"line":25,"column":33},"end":{"line":25,"column":42}}]},"2":{"loc":{"start":{"line":26,"column":12},"end":{"line":26,"column":39}},"type":"binary-expr","locations":[{"start":{"line":26,"column":12},"end":{"line":26,"column":21}},{"start":{"line":26,"column":25},"end":{"line":26,"column":39}}]},"3":{"loc":{"start":{"line":27,"column":16},"end":{"line":27,"column":38}},"type":"binary-expr","locations":[{"start":{"line":27,"column":16},"end":{"line":27,"column":25}},{"start":{"line":27,"column":29},"end":{"line":27,"column":38}}]},"4":{"loc":{"start":{"line":51,"column":6},"end":{"line":51,"column":59}},"type":"if","locations":[{"start":{"line":51,"column":6},"end":{"line":51,"column":59}}]},"5":{"loc":{"start":{"line":85,"column":6},"end":{"line":85,"column":51}},"type":"if","locations":[{"start":{"line":85,"column":6},"end":{"line":85,"column":51}}]},"6":{"loc":{"start":{"line":89,"column":18},"end":{"line":89,"column":40}},"type":"binary-expr","locations":[{"start":{"line":89,"column":18},"end":{"line":89,"column":27}},{"start":{"line":89,"column":31},"end":{"line":89,"column":40}}]}},"s":{"0":0,"1":0,"2":0,"3":0,"4":0,"5":0,"6":0,"7":0,"8":0,"9":0,"10":0,"11":0,"12":0,"13":0,"14":0,"15":0,"16":0,"17":0,"18":0,"19":0,"20":0,"21":0,"22":0,"23":0},"f":{"0":0,"1":0,"2":0,"3":0},"b":{"0":[0,0],"1":[0,0],"2":[0,0],"3":[0,0],"4":[0],"5":[0],"6":[0,0]}}
}
