TN:
SF:src/aws.ts
FNF:0
FNH:0
DA:1,0
DA:2,0
DA:3,0
DA:4,0
DA:5,0
DA:6,0
DA:9,0
DA:12,0
DA:15,0
DA:19,0
DA:23,0
DA:27,0
DA:31,0
DA:35,0
DA:39,0
LF:15
LH:0
BRDA:42,0,0,0
BRDA:42,0,1,0
BRF:2
BRH:0
end_of_record
TN:
SF:src/handler.ts
FN:11,resolveAllowedOrigin
FN:14,(anonymous_1)
FN:22,buildCorsHeaders
FN:40,handleOptions
FN:46,(anonymous_4)
FN:67,(anonymous_5)
FNF:6
FNH:0
FNDA:0,resolveAllowedOrigin
FNDA:0,(anonymous_1)
FNDA:0,buildCorsHeaders
FNDA:0,handleOptions
FNDA:0,(anonymous_4)
FNDA:0,(anonymous_5)
DA:1,0
DA:7,0
DA:8,0
DA:12,0
DA:14,0
DA:16,0
DA:17,0
DA:18,0
DA:19,0
DA:27,0
DA:28,0
DA:32,0
DA:33,0
DA:34,0
DA:35,0
DA:37,0
DA:41,0
DA:42,0
DA:46,0
DA:50,0
DA:51,0
DA:54,0
DA:55,0
DA:56,0
DA:58,0
DA:64,0
DA:68,0
DA:71,0
DA:72,0
DA:73,0
DA:76,0
DA:77,0
DA:78,0
DA:79,0
DA:81,0
LF:35
LH:0
BRDA:12,0,0,0
BRDA:12,0,1,0
BRDA:16,1,0,0
BRDA:16,2,0,0
BRDA:16,2,1,0
BRDA:17,3,0,0
BRDA:18,4,0,0
BRDA:19,5,0,0
BRDA:19,5,1,0
BRDA:24,6,0,0
BRDA:25,7,0,0
BRDA:32,8,0,0
BRDA:33,9,0,0
BRDA:41,10,0,0
BRDA:41,10,1,0
BRDA:50,11,0,0
BRDA:50,12,0,0
BRDA:50,12,1,0
BRDA:54,13,0,0
BRDA:54,14,0,0
BRDA:54,14,1,0
BRDA:58,15,0,0
BRDA:58,15,1,0
BRDA:68,16,0,0
BRDA:68,16,1,0
BRDA:72,17,0,0
BRDA:72,17,1,0
BRDA:76,18,0,0
BRDA:77,19,0,0
BRDA:78,20,0,0
BRDA:78,20,1,0
BRF:31
BRH:0
end_of_record
TN:
SF:src/process.ts
FN:27,loadConfig
FN:39,(anonymous_1)
FNF:2
FNH:0
FNDA:0,loadConfig
FNDA:0,(anonymous_1)
DA:1,0
DA:3,0
DA:27,0
DA:28,0
DA:30,0
DA:31,0
DA:32,0
DA:34,0
DA:35,0
DA:37,0
DA:39,0
DA:42,0
DA:44,0
DA:46,0
DA:65,0
DA:79,0
LF:16
LH:0
BRDA:34,0,0,0
BRDA:34,0,1,0
BRDA:35,1,0,0
BRDA:35,1,1,0
BRDA:37,2,0,0
BRDA:37,2,1,0
BRDA:42,3,0,0
BRDA:42,3,1,0
BRDA:44,4,0,0
BRDA:44,4,1,0
BRDA:54,5,0,0
BRDA:54,5,1,0
BRDA:55,6,0,0
BRDA:55,6,1,0
BRDA:58,7,0,0
BRDA:58,7,1,0
BRDA:72,8,0,0
BRDA:72,8,1,0
BRF:18
BRH:0
end_of_record
TN:
SF:src/server.ts
FN:14,isAllowedOrigin
FN:20,(anonymous_11)
FN:45,(anonymous_12)
FN:57,(anonymous_13)
FN:72,(anonymous_14)
FN:92,(anonymous_15)
FN:97,(anonymous_16)
FNF:7
FNH:0
FNDA:0,isAllowedOrigin
FNDA:0,(anonymous_11)
FNDA:0,(anonymous_12)
FNDA:0,(anonymous_13)
FNDA:0,(anonymous_14)
FNDA:0,(anonymous_15)
FNDA:0,(anonymous_16)
DA:1,0
DA:2,0
DA:3,0
DA:4,0
DA:5,0
DA:6,0
DA:8,0
DA:15,0
DA:16,0
DA:19,0
DA:21,0
DA:23,0
DA:25,0
DA:33,0
DA:39,0
DA:40,0
DA:45,0
DA:46,0
DA:52,0
DA:59,0
DA:71,0
DA:78,0
DA:79,0
DA:89,0
DA:91,0
DA:92,0
DA:93,0
DA:94,0
DA:97,0
DA:98,0
DA:99,0
DA:100,0
DA:102,0
DA:107,0
LF:34
LH:0
BRDA:9,0,0,0
BRDA:9,0,1,0
BRDA:15,1,0,0
BRDA:21,2,0,0
BRDA:21,3,0,0
BRDA:21,3,1,0
BRDA:23,4,0,0
BRDA:23,4,1,0
BRDA:62,5,0,0
BRDA:62,5,1,0
BRDA:81,6,0,0
BRDA:81,6,1,0
BRDA:89,7,0,0
BRDA:89,7,1,0
BRDA:91,8,0,0
BRDA:98,9,0,0
BRDA:98,9,1,0
BRF:17
BRH:0
end_of_record
TN:
SF:src/helpers/authUtils.ts
FN:12,decodeJwtNoVerify
FNF:1
FNH:0
FNDA:0,decodeJwtNoVerify
DA:12,0
DA:13,0
DA:14,0
DA:15,0
DA:16,0
DA:17,0
DA:18,0
DA:19,0
DA:21,0
LF:9
LH:0
BRDA:13,0,0,0
BRDA:15,1,0,0
BRF:2
BRH:0
end_of_record
TN:
SF:src/helpers/awsUsers.ts
FN:9,randomUsername
FN:14,ensureUniqueUsername
FN:34,ensureUserRecord
FNF:3
FNH:0
FNDA:0,randomUsername
FNDA:0,ensureUniqueUsername
FNDA:0,ensureUserRecord
DA:1,0
DA:2,0
DA:3,0
DA:4,0
DA:6,0
DA:7,0
DA:10,0
DA:15,0
DA:16,0
DA:18,0
DA:19,0
DA:29,0
DA:30,0
DA:34,0
DA:42,0
DA:52,0
DA:57,0
DA:58,0
DA:59,0
DA:62,0
DA:63,0
DA:65,0
DA:79,0
DA:80,0
DA:82,0
DA:95,0
DA:107,0
DA:108,0
DA:109,0
DA:111,0
DA:125,0
DA:132,0
LF:32
LH:0
BRDA:29,0,0,0
BRDA:29,1,0,0
BRDA:29,1,1,0
BRDA:57,2,0,0
BRDA:62,3,0,0
BRDA:62,4,0,0
BRDA:62,4,1,0
BRDA:79,5,0,0
BRDA:99,6,0,0
BRDA:99,6,1,0
BRF:10
BRH:0
end_of_record
TN:
SF:src/helpers/cookies.ts
FN:51,baseCookieOpts
FN:61,serializeCookie
FN:66,serializeClear
FN:74,buildAuthSetCookies
FN:94,buildAuthClearCookies
FN:111,setAuthCookies
FN:128,clearAuthCookies
FN:142,parseCookieHeader
FN:159,cookieHeaderFromCtx
FN:173,parseCookiesFromCtx
FN:179,emitCookiesToLambda
FNF:11
FNH:0
FNDA:0,baseCookieOpts
FNDA:0,serializeCookie
FNDA:0,serializeClear
FNDA:0,buildAuthSetCookies
FNDA:0,buildAuthClearCookies
FNDA:0,setAuthCookies
FNDA:0,clearAuthCookies
FNDA:0,parseCookieHeader
FNDA:0,cookieHeaderFromCtx
FNDA:0,parseCookiesFromCtx
FNDA:0,emitCookiesToLambda
DA:11,0
DA:17,0
DA:18,0
DA:19,0
DA:20,0
DA:21,0
DA:24,0
DA:25,0
DA:26,0
DA:52,0
DA:62,0
DA:68,0
DA:75,0
DA:76,0
DA:77,0
DA:78,0
DA:80,0
DA:81,0
DA:83,0
DA:84,0
DA:86,0
DA:87,0
DA:90,0
DA:95,0
DA:111,0
DA:112,0
DA:113,0
DA:115,0
DA:116,0
DA:117,0
DA:119,0
DA:128,0
DA:129,0
DA:130,0
DA:131,0
DA:132,0
DA:133,0
DA:135,0
DA:142,0
DA:143,0
DA:144,0
DA:145,0
DA:147,0
DA:148,0
DA:149,0
DA:150,0
DA:153,0
DA:155,0
DA:159,0
DA:160,0
DA:161,0
DA:162,0
DA:164,0
DA:165,0
DA:166,0
DA:167,0
DA:168,0
DA:170,0
DA:173,0
DA:174,0
DA:175,0
DA:179,0
DA:180,0
DA:181,0
LF:64
LH:0
BRDA:25,0,0,0
BRDA:25,0,1,0
BRDA:57,1,0,0
BRDA:57,1,1,0
BRDA:76,2,0,0
BRDA:76,2,1,0
BRDA:77,3,0,0
BRDA:77,3,1,0
BRDA:80,4,0,0
BRDA:83,5,0,0
BRDA:86,6,0,0
BRDA:113,7,0,0
BRDA:113,8,0,0
BRDA:113,8,1,0
BRDA:116,9,0,0
BRDA:116,9,1,0
BRDA:116,10,0,0
BRDA:116,10,1,0
BRDA:130,11,0,0
BRDA:132,12,0,0
BRDA:132,12,1,0
BRDA:132,13,0,0
BRDA:132,13,1,0
BRDA:143,14,0,0
BRDA:149,15,0,0
BRDA:161,16,0,0
BRDA:161,16,1,0
BRDA:162,17,0,0
BRDA:166,18,0,0
BRDA:166,18,1,0
BRDA:167,19,0,0
BRDA:167,19,1,0
BRDA:167,19,2,0
BRDA:168,20,0,0
BRDA:170,21,0,0
BRDA:170,21,1,0
BRDA:175,22,0,0
BRDA:175,22,1,0
BRDA:180,23,0,0
BRDA:180,24,0,0
BRDA:180,24,1,0
BRF:41
BRH:0
end_of_record
TN:
SF:src/helpers/inviteEmail.ts
FN:5,(anonymous_0)
FNF:1
FNH:0
FNDA:0,(anonymous_0)
DA:1,0
DA:2,0
DA:3,0
DA:5,0
DA:10,0
DA:11,0
DA:12,0
DA:14,0
DA:15,0
DA:17,0
DA:19,0
DA:35,0
DA:81,0
DA:93,0
DA:94,0
LF:15
LH:0
BRDA:14,0,0,0
BRDA:14,0,1,0
BRDA:90,1,0,0
BRDA:90,1,1,0
BRF:4
BRH:0
end_of_record
TN:
SF:src/helpers/teamspaceHelpers.ts
FN:12,(anonymous_1)
FN:16,(anonymous_2)
FN:24,(anonymous_3)
FN:39,(anonymous_4)
FN:57,(anonymous_5)
FN:71,(anonymous_6)
FN:101,(anonymous_7)
FNF:7
FNH:7
FNDA:4,(anonymous_1)
FNDA:10,(anonymous_2)
FNDA:2,(anonymous_3)
FNDA:5,(anonymous_4)
FNDA:7,(anonymous_5)
FNDA:3,(anonymous_6)
FNDA:4,(anonymous_7)
DA:1,1
DA:2,1
DA:3,1
DA:6,1
DA:12,1
DA:13,4
DA:16,10
DA:24,1
DA:25,2
DA:31,2
DA:39,1
DA:43,5
DA:49,5
DA:57,1
DA:58,7
DA:64,7
DA:71,1
DA:77,3
DA:79,3
DA:80,1
DA:84,2
DA:87,2
DA:88,1
DA:94,1
DA:101,1
DA:104,4
DA:111,4
DA:112,4
DA:113,4
DA:116,2
DA:117,2
DA:118,2
LF:32
LH:32
BRDA:6,0,0,1
BRDA:6,0,1,1
BRDA:12,1,0,3
BRDA:31,2,0,2
BRDA:31,2,1,1
BRDA:49,3,0,5
BRDA:49,3,1,2
BRDA:64,4,0,7
BRDA:64,4,1,2
BRDA:79,5,0,1
BRDA:87,6,0,1
BRDA:113,7,0,2
BRDA:118,8,0,2
BRDA:118,8,1,0
BRF:14
BRH:13
end_of_record
TN:
SF:src/routers/auth.ts
FN:42,(anonymous_10)
FN:48,(anonymous_11)
FN:92,(anonymous_12)
FN:109,(anonymous_13)
FN:152,(anonymous_14)
FN:265,(anonymous_15)
FN:281,(anonymous_16)
FN:376,(anonymous_17)
FN:396,(anonymous_18)
FN:397,(anonymous_19)
FN:465,(anonymous_20)
FN:529,(anonymous_21)
FNF:12
FNH:0
FNDA:0,(anonymous_10)
FNDA:0,(anonymous_11)
FNDA:0,(anonymous_12)
FNDA:0,(anonymous_13)
FNDA:0,(anonymous_14)
FNDA:0,(anonymous_15)
FNDA:0,(anonymous_16)
FNDA:0,(anonymous_17)
FNDA:0,(anonymous_18)
FNDA:0,(anonymous_19)
FNDA:0,(anonymous_20)
FNDA:0,(anonymous_21)
DA:1,0
DA:2,0
DA:3,0
DA:4,0
DA:15,0
DA:16,0
DA:17,0
DA:18,0
DA:19,0
DA:26,0
DA:27,0
DA:28,0
DA:30,0
DA:31,0
DA:32,0
DA:33,0
DA:34,0
DA:36,0
DA:42,0
DA:43,0
DA:44,0
DA:45,0
DA:48,0
DA:49,0
DA:50,0
DA:52,0
DA:53,0
DA:57,0
DA:65,0
DA:67,0
DA:68,0
DA:80,0
DA:82,0
DA:87,0
DA:89,0
DA:92,0
DA:93,0
DA:99,0
DA:102,0
DA:110,0
DA:111,0
DA:113,0
DA:117,0
DA:123,0
DA:125,0
DA:126,0
DA:131,0
DA:132,0
DA:138,0
DA:153,0
DA:154,0
DA:156,0
DA:162,0
DA:163,0
DA:164,0
DA:173,0
DA:174,0
DA:183,0
DA:193,0
DA:195,0
DA:202,0
DA:204,0
DA:215,0
DA:220,0
DA:222,0
DA:223,0
DA:228,0
DA:229,0
DA:234,0
DA:235,0
DA:240,0
DA:241,0
DA:247,0
DA:266,0
DA:267,0
DA:268,0
DA:270,0
DA:271,0
DA:273,0
DA:282,0
DA:284,0
DA:285,0
DA:287,0
DA:288,0
DA:290,0
DA:291,0
DA:293,0
DA:294,0
DA:296,0
DA:297,0
DA:299,0
DA:302,0
DA:310,0
DA:313,0
DA:314,0
DA:324,0
DA:325,0
DA:331,0
DA:333,0
DA:347,0
DA:352,0
DA:354,0
DA:355,0
DA:360,0
DA:361,0
DA:367,0
DA:377,0
DA:378,0
DA:380,0
DA:381,0
DA:386,0
DA:387,0
DA:389,0
DA:390,0
DA:393,0
DA:396,0
DA:397,0
DA:398,0
DA:400,0
DA:402,0
DA:403,0
DA:409,0
DA:411,0
DA:415,0
DA:416,0
DA:417,0
DA:418,0
DA:420,0
DA:434,0
DA:435,0
DA:441,0
DA:443,0
DA:444,0
DA:452,0
DA:466,0
DA:467,0
DA:468,0
DA:470,0
DA:471,0
DA:475,0
DA:483,0
DA:485,0
DA:486,0
DA:490,0
DA:495,0
DA:498,0
DA:499,0
DA:501,0
DA:503,0
DA:504,0
DA:510,0
DA:513,0
DA:515,0
DA:524,0
DA:525,0
DA:530,0
DA:531,0
DA:532,0
LF:158
LH:0
BRDA:34,0,0,0
BRDA:34,0,1,0
BRDA:67,1,0,0
BRDA:67,1,1,0
BRDA:125,2,0,0
BRDA:131,3,0,0
BRDA:162,4,0,0
BRDA:163,5,0,0
BRDA:173,6,0,0
BRDA:193,7,0,0
BRDA:196,8,0,0
BRDA:196,8,1,0
BRDA:197,9,0,0
BRDA:197,9,1,0
BRDA:198,10,0,0
BRDA:198,10,1,0
BRDA:199,11,0,0
BRDA:199,11,1,0
BRDA:222,12,0,0
BRDA:228,13,0,0
BRDA:234,14,0,0
BRDA:240,15,0,0
BRDA:267,16,0,0
BRDA:270,17,0,0
BRDA:285,18,0,0
BRDA:285,18,1,0
BRDA:285,18,2,0
BRDA:285,18,3,0
BRDA:285,18,4,0
BRDA:313,19,0,0
BRDA:324,20,0,0
BRDA:326,21,0,0
BRDA:326,21,1,0
BRDA:327,22,0,0
BRDA:327,22,1,0
BRDA:328,23,0,0
BRDA:328,23,1,0
BRDA:329,24,0,0
BRDA:329,24,1,0
BRDA:341,25,0,0
BRDA:341,25,1,0
BRDA:354,26,0,0
BRDA:360,27,0,0
BRDA:380,28,0,0
BRDA:409,29,0,0
BRDA:409,29,1,0
BRDA:415,30,0,0
BRDA:470,31,0,0
BRDA:485,32,0,0
BRDA:491,33,0,0
BRDA:491,33,1,0
BRDA:492,34,0,0
BRDA:492,34,1,0
BRDA:493,35,0,0
BRDA:493,35,1,0
BRDA:501,36,0,0
BRDA:501,36,1,0
BRDA:503,37,0,0
BRDA:503,38,0,0
BRDA:503,38,1,0
BRF:60
BRH:0
end_of_record
TN:
SF:src/routers/export.ts
FN:20,downloadScript
FN:30,(anonymous_10)
FN:39,runPython
FN:40,(anonymous_12)
FN:46,(anonymous_13)
FN:47,(anonymous_14)
FN:49,(anonymous_15)
FN:57,toCSV
FN:62,runExport
FN:93,(anonymous_18)
FNF:10
FNH:0
FNDA:0,downloadScript
FNDA:0,(anonymous_10)
FNDA:0,runPython
FNDA:0,(anonymous_12)
FNDA:0,(anonymous_13)
FNDA:0,(anonymous_14)
FNDA:0,(anonymous_15)
FNDA:0,toCSV
FNDA:0,runExport
FNDA:0,(anonymous_18)
DA:1,0
DA:2,0
DA:3,0
DA:4,0
DA:5,0
DA:6,0
DA:7,0
DA:9,0
DA:10,0
DA:11,0
DA:13,0
DA:20,0
DA:21,0
DA:28,0
DA:30,0
DA:31,0
DA:32,0
DA:33,0
DA:34,0
DA:35,0
DA:39,0
DA:40,0
DA:41,0
DA:43,0
DA:44,0
DA:46,0
DA:47,0
DA:49,0
DA:50,0
DA:51,0
DA:58,0
DA:62,0
DA:63,0
DA:65,0
DA:70,0
DA:71,0
DA:73,0
DA:74,0
DA:76,0
DA:77,0
DA:79,0
DA:80,0
DA:82,0
DA:90,0
DA:94,0
DA:95,0
DA:97,0
LF:47
LH:0
BRDA:50,0,0,0
BRDA:50,0,1,0
BRDA:51,1,0,0
BRDA:51,1,1,0
BRDA:99,2,0,0
BRDA:99,2,1,0
BRF:6
BRH:0
end_of_record
TN:
SF:src/routers/hello.ts
FN:7,(anonymous_0)
FNF:1
FNH:0
FNDA:0,(anonymous_0)
DA:1,0
DA:2,0
DA:4,0
DA:8,0
DA:9,0
LF:5
LH:0
BRDA:8,0,0,0
BRDA:8,0,1,0
BRF:2
BRH:0
end_of_record
TN:
SF:src/routers/home.ts
FN:16,hardReset
FN:53,(anonymous_1)
FN:62,softReset
FN:96,(anonymous_3)
FN:108,(anonymous_4)
FNF:5
FNH:0
FNDA:0,hardReset
FNDA:0,(anonymous_1)
FNDA:0,softReset
FNDA:0,(anonymous_3)
FNDA:0,(anonymous_4)
DA:1,0
DA:2,0
DA:3,0
DA:4,0
DA:5,0
DA:6,0
DA:8,0
DA:9,0
DA:10,0
DA:11,0
DA:13,0
DA:17,0
DA:28,0
DA:31,0
DA:32,0
DA:41,0
DA:48,0
DA:49,0
DA:53,0
DA:59,0
DA:63,0
DA:74,0
DA:75,0
DA:77,0
DA:78,0
DA:89,0
DA:92,0
DA:97,0
DA:98,0
DA:100,0
DA:101,0
DA:109,0
DA:110,0
DA:112,0
DA:113,0
LF:35
LH:0
BRDA:28,0,0,0
BRDA:28,0,1,0
BRDA:48,1,0,0
BRDA:48,2,0,0
BRDA:48,2,1,0
BRDA:74,3,0,0
BRDA:74,3,1,0
BRDA:101,4,0,0
BRDA:101,4,1,0
BRDA:113,5,0,0
BRDA:113,5,1,0
BRF:11
BRH:0
end_of_record
TN:
SF:src/routers/index.ts
FN:15,(anonymous_0)
FNF:1
FNH:0
FNDA:0,(anonymous_0)
DA:1,0
DA:3,0
DA:4,0
DA:5,0
DA:6,0
DA:7,0
DA:8,0
DA:9,0
DA:10,0
DA:11,0
DA:12,0
DA:14,0
DA:15,0
DA:18,0
LF:14
LH:0
BRF:0
BRH:0
end_of_record
TN:
SF:src/routers/items.ts
FN:25,newId
FN:29,(anonymous_11)
FN:32,getImageExtension
FN:37,stripBase64Header
FN:41,getUserName
FN:52,getPresignedUrl
FN:95,(anonymous_16)
FN:109,(anonymous_17)
FN:199,(anonymous_18)
FN:215,(anonymous_19)
FN:258,(anonymous_20)
FN:310,(anonymous_21)
FN:318,(anonymous_22)
FN:423,(anonymous_23)
FN:441,(anonymous_24)
FN:449,(anonymous_25)
FN:468,(anonymous_26)
FNF:17
FNH:0
FNDA:0,newId
FNDA:0,(anonymous_11)
FNDA:0,getImageExtension
FNDA:0,stripBase64Header
FNDA:0,getUserName
FNDA:0,getPresignedUrl
FNDA:0,(anonymous_16)
FNDA:0,(anonymous_17)
FNDA:0,(anonymous_18)
FNDA:0,(anonymous_19)
FNDA:0,(anonymous_20)
FNDA:0,(anonymous_21)
FNDA:0,(anonymous_22)
FNDA:0,(anonymous_23)
FNDA:0,(anonymous_24)
FNDA:0,(anonymous_25)
FNDA:0,(anonymous_26)
DA:1,0
DA:2,0
DA:3,0
DA:4,0
DA:10,0
DA:11,0
DA:12,0
DA:13,0
DA:15,0
DA:16,0
DA:17,0
DA:18,0
DA:19,0
DA:21,0
DA:22,0
DA:26,0
DA:29,0
DA:33,0
DA:34,0
DA:38,0
DA:42,0
DA:49,0
DA:53,0
DA:55,0
DA:64,0
DA:68,0
DA:96,0
DA:97,0
DA:108,0
DA:109,0
DA:112,0
DA:113,0
DA:119,0
DA:120,0
DA:124,0
DA:125,0
DA:126,0
DA:128,0
DA:130,0
DA:142,0
DA:144,0
DA:190,0
DA:191,0
DA:193,0
DA:200,0
DA:201,0
DA:212,0
DA:214,0
DA:216,0
DA:218,0
DA:220,0
DA:221,0
DA:227,0
DA:231,0
DA:232,0
DA:234,0
DA:235,0
DA:236,0
DA:237,0
DA:240,0
DA:244,0
DA:246,0
DA:259,0
DA:260,0
DA:270,0
DA:272,0
DA:274,0
DA:279,0
DA:311,0
DA:312,0
DA:314,0
DA:315,0
DA:316,0
DA:318,0
DA:319,0
DA:320,0
DA:321,0
DA:322,0
DA:327,0
DA:328,0
DA:329,0
DA:331,0
DA:342,0
DA:343,0
DA:347,0
DA:348,0
DA:349,0
DA:350,0
DA:351,0
DA:352,0
DA:353,0
DA:356,0
DA:357,0
DA:358,0
DA:359,0
DA:362,0
DA:363,0
DA:366,0
DA:369,0
DA:370,0
DA:371,0
DA:379,0
DA:381,0
DA:392,0
DA:393,0
DA:395,0
DA:396,0
DA:397,0
DA:403,0
DA:406,0
DA:411,0
DA:424,0
DA:425,0
DA:430,0
DA:437,0
DA:439,0
DA:440,0
DA:441,0
DA:448,0
DA:449,0
DA:455,0
DA:457,0
DA:469,0
DA:470,0
DA:471,0
DA:473,0
DA:475,0
DA:486,0
DA:488,0
LF:129
LH:0
BRDA:21,0,0,0
BRDA:25,1,0,0
BRDA:34,2,0,0
BRDA:34,2,1,0
BRDA:53,3,0,0
BRDA:108,4,0,0
BRDA:108,4,1,0
BRDA:112,5,0,0
BRDA:124,6,0,0
BRDA:137,7,0,0
BRDA:137,7,1,0
BRDA:155,8,0,0
BRDA:155,8,1,0
BRDA:156,9,0,0
BRDA:156,9,1,0
BRDA:157,10,0,0
BRDA:157,10,1,0
BRDA:158,11,0,0
BRDA:158,11,1,0
BRDA:159,12,0,0
BRDA:159,12,1,0
BRDA:163,13,0,0
BRDA:163,13,1,0
BRDA:164,14,0,0
BRDA:164,14,1,0
BRDA:165,15,0,0
BRDA:165,15,1,0
BRDA:168,16,0,0
BRDA:168,16,1,0
BRDA:169,17,0,0
BRDA:169,17,1,0
BRDA:173,18,0,0
BRDA:173,18,1,0
BRDA:183,19,0,0
BRDA:183,19,1,0
BRDA:212,20,0,0
BRDA:212,20,1,0
BRDA:220,21,0,0
BRDA:227,22,0,0
BRDA:227,22,1,0
BRDA:234,23,0,0
BRDA:234,24,0,0
BRDA:234,24,1,0
BRDA:234,24,2,0
BRDA:236,25,0,0
BRDA:236,25,1,0
BRDA:237,26,0,0
BRDA:237,26,1,0
BRDA:270,27,0,0
BRDA:319,28,0,0
BRDA:319,29,0,0
BRDA:319,29,1,0
BRDA:320,30,0,0
BRDA:320,30,1,0
BRDA:322,31,0,0
BRDA:322,32,0,0
BRDA:322,32,1,0
BRDA:327,33,0,0
BRDA:329,34,0,0
BRDA:329,34,1,0
BRDA:338,35,0,0
BRDA:338,35,1,0
BRDA:374,36,0,0
BRDA:374,36,1,0
BRDA:387,37,0,0
BRDA:387,37,1,0
BRDA:396,38,0,0
BRDA:403,39,0,0
BRDA:403,39,1,0
BRDA:437,40,0,0
BRDA:439,41,0,0
BRDA:482,42,0,0
BRDA:482,42,1,0
BRF:73
BRH:0
end_of_record
TN:
SF:src/routers/profile.ts
FN:13,randomUsername
FN:17,ensureUniqueUsername
FN:40,(anonymous_2)
FN:121,(anonymous_3)
FNF:4
FNH:0
FNDA:0,randomUsername
FNDA:0,ensureUniqueUsername
FNDA:0,(anonymous_2)
FNDA:0,(anonymous_3)
DA:1,0
DA:2,0
DA:3,0
DA:4,0
DA:5,0
DA:6,0
DA:8,0
DA:9,0
DA:14,0
DA:18,0
DA:19,0
DA:21,0
DA:22,0
DA:32,0
DA:34,0
DA:35,0
DA:39,0
DA:41,0
DA:42,0
DA:44,0
DA:46,0
DA:48,0
DA:55,0
DA:58,0
DA:59,0
DA:61,0
DA:63,0
DA:76,0
DA:85,0
DA:95,0
DA:96,0
DA:98,0
DA:107,0
DA:108,0
DA:122,0
DA:123,0
DA:124,0
DA:125,0
DA:126,0
DA:128,0
DA:129,0
DA:136,0
DA:138,0
DA:139,0
DA:140,0
DA:143,0
DA:148,0
DA:149,0
DA:150,0
DA:151,0
DA:152,0
DA:156,0
DA:157,0
DA:158,0
DA:159,0
DA:163,0
DA:164,0
DA:165,0
DA:166,0
DA:170,0
DA:173,0
DA:174,0
DA:176,0
DA:186,0
DA:188,0
DA:189,0
LF:66
LH:0
BRDA:32,0,0,0
BRDA:32,1,0,0
BRDA:32,1,1,0
BRDA:42,2,0,0
BRDA:58,3,0,0
BRDA:96,4,0,0
BRDA:96,4,1,0
BRDA:123,5,0,0
BRDA:125,6,0,0
BRDA:136,7,0,0
BRDA:143,8,0,0
BRDA:144,9,0,0
BRDA:144,9,1,0
BRDA:144,9,2,0
BRDA:156,10,0,0
BRDA:156,11,0,0
BRDA:156,11,1,0
BRDA:156,11,2,0
BRDA:163,12,0,0
BRDA:163,13,0,0
BRDA:163,13,1,0
BRDA:163,13,2,0
BRDA:170,14,0,0
BRF:23
BRH:0
end_of_record
TN:
SF:src/routers/roles.ts
FN:67,getRole
FN:129,(anonymous_1)
FN:157,(anonymous_2)
FN:175,(anonymous_3)
FN:195,(anonymous_4)
FN:206,(anonymous_5)
FN:250,(anonymous_6)
FN:256,(anonymous_7)
FNF:8
FNH:0
FNDA:0,getRole
FNDA:0,(anonymous_1)
FNDA:0,(anonymous_2)
FNDA:0,(anonymous_3)
FNDA:0,(anonymous_4)
FNDA:0,(anonymous_5)
FNDA:0,(anonymous_6)
FNDA:0,(anonymous_7)
DA:1,0
DA:2,0
DA:3,0
DA:4,0
DA:11,0
DA:12,0
DA:14,0
DA:15,0
DA:55,0
DA:61,0
DA:68,0
DA:74,0
DA:77,0
DA:126,0
DA:130,0
DA:131,0
DA:133,0
DA:134,0
DA:135,0
DA:141,0
DA:152,0
DA:154,0
DA:158,0
DA:169,0
DA:170,0
DA:176,0
DA:177,0
DA:182,0
DA:183,0
DA:184,0
DA:185,0
DA:190,0
DA:196,0
DA:197,0
DA:198,0
DA:199,0
DA:206,0
DA:207,0
DA:208,0
DA:214,0
DA:215,0
DA:216,0
DA:217,0
DA:219,0
DA:220,0
DA:221,0
DA:222,0
DA:224,0
DA:225,0
DA:226,0
DA:228,0
DA:229,0
DA:230,0
DA:231,0
DA:234,0
DA:245,0
DA:251,0
DA:252,0
DA:253,0
DA:256,0
DA:257,0
DA:258,0
DA:264,0
DA:271,0
LF:64
LH:0
BRDA:74,0,0,0
BRDA:74,0,1,0
BRDA:134,1,0,0
BRDA:169,2,0,0
BRDA:169,2,1,0
BRDA:176,3,0,0
BRDA:176,4,0,0
BRDA:176,4,1,0
BRDA:182,5,0,0
BRDA:182,5,1,0
BRDA:184,6,0,0
BRDA:198,7,0,0
BRDA:207,8,0,0
BRDA:219,9,0,0
BRDA:219,10,0,0
BRDA:219,10,1,0
BRDA:224,11,0,0
BRDA:226,12,0,0
BRDA:226,12,1,0
BRDA:228,13,0,0
BRDA:239,14,0,0
BRDA:239,14,1,0
BRDA:253,15,0,0
BRDA:257,16,0,0
BRF:24
BRH:0
end_of_record
TN:
SF:src/routers/s3.ts
FN:24,parseDataUrl
FN:40,(anonymous_1)
FN:72,(anonymous_2)
FN:104,(anonymous_3)
FNF:4
FNH:0
FNDA:0,parseDataUrl
FNDA:0,(anonymous_1)
FNDA:0,(anonymous_2)
FNDA:0,(anonymous_3)
DA:1,0
DA:2,0
DA:3,0
DA:10,0
DA:11,0
DA:14,0
DA:15,0
DA:16,0
DA:17,0
DA:19,0
DA:21,0
DA:22,0
DA:25,0
DA:26,0
DA:27,0
DA:28,0
DA:29,0
DA:32,0
DA:41,0
DA:42,0
DA:43,0
DA:45,0
DA:58,0
DA:60,0
DA:62,0
DA:66,0
DA:67,0
DA:73,0
DA:74,0
DA:75,0
DA:77,0
DA:78,0
DA:79,0
DA:80,0
DA:81,0
DA:86,0
DA:87,0
DA:89,0
DA:93,0
DA:94,0
DA:106,0
DA:109,0
DA:112,0
DA:115,0
DA:116,0
DA:118,0
DA:122,0
DA:128,0
LF:48
LH:0
BRDA:21,0,0,0
BRDA:22,1,0,0
BRDA:26,2,0,0
BRDA:42,3,0,0
BRDA:42,3,1,0
BRDA:50,4,0,0
BRDA:50,4,1,0
BRDA:93,5,0,0
BRDA:94,6,0,0
BRDA:94,6,1,0
BRDA:109,7,0,0
BRDA:109,7,1,0
BRF:12
BRH:0
end_of_record
TN:
SF:src/routers/teamspace.ts
FN:18,newId
FN:22,(anonymous_2)
FN:37,(anonymous_3)
FN:107,(anonymous_4)
FN:122,(anonymous_5)
FN:143,(anonymous_6)
FN:185,(anonymous_7)
FN:243,(anonymous_8)
FN:290,(anonymous_9)
FN:304,(anonymous_10)
FN:332,(anonymous_11)
FN:345,(anonymous_12)
FNF:12
FNH:0
FNDA:0,newId
FNDA:0,(anonymous_2)
FNDA:0,(anonymous_3)
FNDA:0,(anonymous_4)
FNDA:0,(anonymous_5)
FNDA:0,(anonymous_6)
FNDA:0,(anonymous_7)
FNDA:0,(anonymous_8)
FNDA:0,(anonymous_9)
FNDA:0,(anonymous_10)
FNDA:0,(anonymous_11)
FNDA:0,(anonymous_12)
DA:1,0
DA:2,0
DA:3,0
DA:10,0
DA:11,0
DA:12,0
DA:13,0
DA:15,0
DA:16,0
DA:19,0
DA:22,0
DA:25,0
DA:38,0
DA:39,0
DA:40,0
DA:43,0
DA:52,0
DA:53,0
DA:56,0
DA:59,0
DA:80,0
DA:92,0
DA:97,0
DA:99,0
DA:100,0
DA:108,0
DA:109,0
DA:118,0
DA:119,0
DA:121,0
DA:123,0
DA:129,0
DA:133,0
DA:135,0
DA:136,0
DA:144,0
DA:146,0
DA:153,0
DA:154,0
DA:158,0
DA:165,0
DA:166,0
DA:169,0
DA:171,0
DA:172,0
DA:186,0
DA:188,0
DA:198,0
DA:199,0
DA:200,0
DA:205,0
DA:207,0
DA:209,0
DA:223,0
DA:225,0
DA:227,0
DA:228,0
DA:244,0
DA:246,0
DA:256,0
DA:257,0
DA:258,0
DA:262,0
DA:272,0
DA:274,0
DA:275,0
DA:291,0
DA:292,0
DA:302,0
DA:303,0
DA:305,0
DA:314,0
DA:316,0
DA:318,0
DA:325,0
DA:327,0
DA:328,0
DA:332,0
DA:338,0
DA:340,0
DA:341,0
DA:346,0
DA:347,0
DA:358,0
DA:359,0
DA:361,0
DA:362,0
DA:365,0
DA:376,0
DA:377,0
DA:380,0
DA:381,0
DA:384,0
DA:394,0
DA:396,0
DA:403,0
DA:411,0
DA:413,0
DA:414,0
LF:99
LH:0
BRDA:18,0,0,0
BRDA:52,1,0,0
BRDA:52,2,0,0
BRDA:52,2,1,0
BRDA:100,3,0,0
BRDA:100,3,1,0
BRDA:118,4,0,0
BRDA:118,4,1,0
BRDA:119,5,0,0
BRDA:136,6,0,0
BRDA:136,6,1,0
BRDA:153,7,0,0
BRDA:165,8,0,0
BRDA:172,9,0,0
BRDA:172,9,1,0
BRDA:199,10,0,0
BRDA:230,11,0,0
BRDA:230,11,1,0
BRDA:257,12,0,0
BRDA:277,13,0,0
BRDA:277,13,1,0
BRDA:302,14,0,0
BRDA:302,14,1,0
BRDA:325,15,0,0
BRDA:325,15,1,0
BRDA:327,16,0,0
BRDA:341,17,0,0
BRDA:341,17,1,0
BRDA:358,18,0,0
BRDA:358,18,1,0
BRDA:362,19,0,0
BRDA:362,19,1,0
BRDA:376,20,0,0
BRDA:376,20,1,0
BRDA:381,21,0,0
BRDA:381,21,1,0
BRDA:394,22,0,0
BRDA:394,22,1,0
BRDA:398,23,0,0
BRDA:398,23,1,0
BRDA:398,23,2,0
BRDA:406,24,0,0
BRDA:406,24,1,0
BRDA:416,25,0,0
BRDA:416,25,1,0
BRF:45
BRH:0
end_of_record
TN:
SF:src/routers/trpc.ts
FN:33,(anonymous_0)
FN:43,(anonymous_1)
FN:84,(anonymous_2)
FN:125,requirePermission
FN:126,(anonymous_4)
FN:142,(anonymous_5)
FNF:6
FNH:0
FNDA:0,(anonymous_0)
FNDA:0,(anonymous_1)
FNDA:0,(anonymous_2)
FNDA:0,requirePermission
FNDA:0,(anonymous_4)
FNDA:0,(anonymous_5)
DA:1,0
DA:5,0
DA:6,0
DA:7,0
DA:8,0
DA:33,0
DA:36,0
DA:43,0
DA:50,0
DA:61,0
DA:63,0
DA:64,0
DA:65,0
DA:71,0
DA:72,0
DA:74,0
DA:84,0
DA:85,0
DA:86,0
DA:88,0
DA:89,0
DA:92,0
DA:93,0
DA:97,0
DA:100,0
DA:102,0
DA:118,0
DA:122,0
DA:125,0
DA:126,0
DA:127,0
DA:128,0
DA:130,0
DA:131,0
DA:134,0
DA:135,0
DA:138,0
DA:142,0
DA:143,0
LF:39
LH:0
BRDA:71,0,0,0
BRDA:71,0,1,0
BRDA:72,1,0,0
BRDA:72,1,1,0
BRDA:88,2,0,0
BRDA:97,3,0,0
BRDA:97,3,1,0
BRDA:97,4,0,0
BRDA:97,4,1,0
BRDA:110,5,0,0
BRDA:110,5,1,0
BRDA:118,6,0,0
BRDA:118,6,1,0
BRDA:128,7,0,0
BRDA:130,8,0,0
BRDA:130,9,0,0
BRDA:130,9,1,0
BRDA:134,10,0,0
BRF:18
BRH:0
end_of_record
TN:
SF:src/routers/users.ts
FN:11,(anonymous_0)
FN:23,(anonymous_1)
FN:40,(anonymous_2)
FN:76,(anonymous_3)
FNF:4
FNH:0
FNDA:0,(anonymous_0)
FNDA:0,(anonymous_1)
FNDA:0,(anonymous_2)
FNDA:0,(anonymous_3)
DA:1,0
DA:2,0
DA:3,0
DA:4,0
DA:5,0
DA:7,0
DA:8,0
DA:10,0
DA:12,0
DA:23,0
DA:30,0
DA:41,0
DA:42,0
DA:44,0
DA:51,0
DA:53,0
DA:71,0
DA:77,0
DA:84,0
DA:85,0
DA:87,0
LF:21
LH:0
BRDA:23,0,0,0
BRDA:23,0,1,0
BRDA:25,1,0,0
BRDA:25,1,1,0
BRDA:26,2,0,0
BRDA:26,2,1,0
BRDA:27,3,0,0
BRDA:27,3,1,0
BRDA:51,4,0,0
BRDA:85,5,0,0
BRDA:89,6,0,0
BRDA:89,6,1,0
BRF:12
BRH:0
end_of_record
